version: (200506)

available memory: 64M bytes
used memory: 507904 bytes [need 496K bytes if disable swap]

used block: 27 [memory(27) file(0)]
                 [ 8K(22) 64K(5) { total 496K bytes } ]
overhead: (9555) bytes for (27) blocks [Average: (353) bytes/block]

write  => 0(times) 0K(bytes) [0K bytes to file]
read   => 5(times) 185K(bytes) [34K bytes compressed data from file]
access => 509864(times) 4046M(bytes)
          [hit ratio: 99.999%]

time: write(0) read(0)  unit: second

swap file directory: (/home/saizhang/sv_test/cases/uvm_router_v1.0/vcs_sim/verdiLog)
used swap file number: (6)



swap file manager:
arrSize: (256)
idxCnt: (7)
closeHead: (1)
closeTail: (6)
openCnt: (1)
fid(6): fd(0) fileName(NULL)
	mode(rb)	hot(5) cool(0) pos(0)
fid(5): fd(0) fileName(NULL)
	mode(rb)	hot(4) cool(6) pos(0)
fid(4): fd(0) fileName(NULL)
	mode(rb)	hot(3) cool(5) pos(0)
fid(3): fd(0) fileName(NULL)
	mode(rb)	hot(1) cool(4) pos(0)
fid(2): fd(33) fileName(/home/saizhang/sv_test/cases/uvm_router_v1.0/vcs_sim/verdiLog/_swap_0001#8323328#3754)
	size(0) lastModTime(0) curModTime(1731935903)
	mode(w+b)	hot(4) cool(1) pos(0)
fid(1): fd(0) fileName(NULL)
	mode(rb)	hot(2) cool(3) pos(0)
fid(0): fd(0) fileName(NULL)
	mode(NULL)	hot(0) cool(0) pos(0)
Swap system is reset at (Fri Nov 22 20:40:23 2024
)
version: (200506)

available memory: 64M bytes
used memory: 1007616 bytes [need 496K bytes if disable swap]

used block: 60 [memory(60) file(0)]
                 [ 8K(51) 64K(9) { total 984K bytes } ]
overhead: (9555) bytes for (60) blocks [Average: (159) bytes/block]

write  => 0(times) 0K(bytes) [0K bytes to file]
read   => 9(times) 360K(bytes) [67K bytes compressed data from file]
access => 1674930(times) 13205M(bytes)
          [hit ratio: 99.9995%]

time: write(0) read(0)  unit: second

swap file directory: (/home/saizhang/sv_test/cases/uvm_router_v1.0/vcs_sim/verdiLog)
used swap file number: (10)



swap file manager:
arrSize: (256)
idxCnt: (11)
closeHead: (7)
closeTail: (10)
openCnt: (1)
fid(10): fd(0) fileName(NULL)
	mode(rb)	hot(9) cool(0) pos(0)
fid(9): fd(0) fileName(NULL)
	mode(rb)	hot(7) cool(10) pos(0)
fid(8): fd(53) fileName(/home/saizhang/sv_test/cases/uvm_router_v1.0/vcs_sim/verdiLog/_swap_0001#8323328#3754)
	size(0) lastModTime(0) curModTime(1732336823)
	mode(w+b)	hot(9) cool(7) pos(0)
fid(7): fd(0) fileName(NULL)
	mode(rb)	hot(8) cool(9) pos(0)
fid(6): fd(0) fileName(NULL)
	mode(NULL)	hot(0) cool(0) pos(0)
fid(5): fd(0) fileName(NULL)
	mode(NULL)	hot(0) cool(0) pos(0)
fid(4): fd(0) fileName(NULL)
	mode(NULL)	hot(0) cool(0) pos(0)
fid(3): fd(0) fileName(NULL)
	mode(NULL)	hot(0) cool(0) pos(0)
fid(2): fd(0) fileName(NULL)
	mode(NULL)	hot(0) cool(0) pos(0)
fid(1): fd(0) fileName(NULL)
	mode(NULL)	hot(0) cool(0) pos(0)
fid(0): fd(0) fileName(NULL)
	mode(NULL)	hot(0) cool(0) pos(0)
Swap system is reset at (Fri Nov 22 20:54:30 2024
)
version: (200506)

available memory: 64M bytes
used memory: 2M bytes [need 496K bytes if disable swap]

used block: 88 [memory(88) file(0)]
                 [ 8K(75) 64K(13) { total 2M bytes } ]
overhead: (9555) bytes for (88) blocks [Average: (108) bytes/block]

write  => 0(times) 0K(bytes) [0K bytes to file]
read   => 13(times) 535K(bytes) [99K bytes compressed data from file]
access => 1997773(times) 15791M(bytes)
          [hit ratio: 99.9993%]

time: write(0) read(0)  unit: second

swap file directory: (/home/saizhang/sv_test/cases/uvm_router_v1.0/vcs_sim/verdiLog)
used swap file number: (14)



swap file manager:
arrSize: (256)
idxCnt: (15)
closeHead: (11)
closeTail: (14)
openCnt: (1)
fid(14): fd(0) fileName(NULL)
	mode(rb)	hot(13) cool(0) pos(0)
fid(13): fd(0) fileName(NULL)
	mode(rb)	hot(11) cool(14) pos(0)
fid(12): fd(58) fileName(/home/saizhang/sv_test/cases/uvm_router_v1.0/vcs_sim/verdiLog/_swap_0001#8323328#3754)
	size(0) lastModTime(0) curModTime(1732337670)
	mode(w+b)	hot(13) cool(11) pos(0)
fid(11): fd(0) fileName(NULL)
	mode(rb)	hot(12) cool(13) pos(0)
fid(10): fd(0) fileName(NULL)
	mode(NULL)	hot(0) cool(0) pos(0)
fid(9): fd(0) fileName(NULL)
	mode(NULL)	hot(0) cool(0) pos(0)
fid(8): fd(0) fileName(NULL)
	mode(NULL)	hot(0) cool(0) pos(0)
fid(7): fd(0) fileName(NULL)
	mode(NULL)	hot(0) cool(0) pos(0)
fid(6): fd(0) fileName(NULL)
	mode(NULL)	hot(0) cool(0) pos(0)
fid(5): fd(0) fileName(NULL)
	mode(NULL)	hot(0) cool(0) pos(0)
fid(4): fd(0) fileName(NULL)
	mode(NULL)	hot(0) cool(0) pos(0)
fid(3): fd(0) fileName(NULL)
	mode(NULL)	hot(0) cool(0) pos(0)
fid(2): fd(0) fileName(NULL)
	mode(NULL)	hot(0) cool(0) pos(0)
fid(1): fd(0) fileName(NULL)
	mode(NULL)	hot(0) cool(0) pos(0)
fid(0): fd(0) fileName(NULL)
	mode(NULL)	hot(0) cool(0) pos(0)
Swap system is reset at (Fri Nov 22 21:01:06 2024
)
version: (200506)

available memory: 64M bytes
used memory: 3M bytes [need 712K bytes if disable swap]

used block: 135 [memory(135) file(0)]
                 [ 8K(116) 64K(19) { total 3M bytes } ]
overhead: (9555) bytes for (135) blocks [Average: (70) bytes/block]

write  => 0(times) 0K(bytes) [0K bytes to file]
read   => 19(times) 768K(bytes) [139K bytes compressed data from file]
access => 4038675(times) 31823M(bytes)
          [hit ratio: 99.9995%]

time: write(0) read(0)  unit: second

swap file directory: (/home/saizhang/sv_test/cases/uvm_router_v1.0/vcs_sim/verdiLog)
used swap file number: (20)



swap file manager:
arrSize: (256)
idxCnt: (22)
closeHead: (15)
closeTail: (20)
openCnt: (1)
fid(21): fd(0) fileName(NULL)
	mode(rb)	hot(20) cool(0) pos(0)
fid(20): fd(0) fileName(NULL)
	mode(rb)	hot(19) cool(21) pos(0)
fid(19): fd(0) fileName(NULL)
	mode(rb)	hot(18) cool(20) pos(0)
fid(18): fd(0) fileName(NULL)
	mode(rb)	hot(17) cool(19) pos(0)
fid(17): fd(0) fileName(NULL)
	mode(rb)	hot(15) cool(18) pos(0)
fid(16): fd(58) fileName(/home/saizhang/sv_test/cases/uvm_router_v1.0/vcs_sim/verdiLog/_swap_0001#8323328#3754)
	size(0) lastModTime(0) curModTime(1732338066)
	mode(w+b)	hot(17) cool(15) pos(0)
fid(15): fd(0) fileName(NULL)
	mode(rb)	hot(16) cool(17) pos(0)
fid(14): fd(0) fileName(NULL)
	mode(NULL)	hot(0) cool(0) pos(0)
fid(13): fd(0) fileName(NULL)
	mode(NULL)	hot(0) cool(0) pos(0)
fid(12): fd(0) fileName(NULL)
	mode(NULL)	hot(0) cool(0) pos(0)
fid(11): fd(0) fileName(NULL)
	mode(NULL)	hot(0) cool(0) pos(0)
fid(10): fd(0) fileName(NULL)
	mode(NULL)	hot(0) cool(0) pos(0)
fid(9): fd(0) fileName(NULL)
	mode(NULL)	hot(0) cool(0) pos(0)
fid(8): fd(0) fileName(NULL)
	mode(NULL)	hot(0) cool(0) pos(0)
fid(7): fd(0) fileName(NULL)
	mode(NULL)	hot(0) cool(0) pos(0)
fid(6): fd(0) fileName(NULL)
	mode(NULL)	hot(0) cool(0) pos(0)
fid(5): fd(0) fileName(NULL)
	mode(NULL)	hot(0) cool(0) pos(0)
fid(4): fd(0) fileName(NULL)
	mode(NULL)	hot(0) cool(0) pos(0)
fid(3): fd(0) fileName(NULL)
	mode(NULL)	hot(0) cool(0) pos(0)
fid(2): fd(0) fileName(NULL)
	mode(NULL)	hot(0) cool(0) pos(0)
fid(1): fd(0) fileName(NULL)
	mode(NULL)	hot(0) cool(0) pos(0)
fid(0): fd(0) fileName(NULL)
	mode(NULL)	hot(0) cool(0) pos(0)
Swap system is reset at (Fri Nov 22 21:31:16 2024
)
version: (200506)

available memory: 64M bytes
used memory: 3M bytes [need 712K bytes if disable swap]

used block: 169 [memory(169) file(0)]
                 [ 8K(146) 64K(23) { total 3M bytes } ]
overhead: (9555) bytes for (169) blocks [Average: (56) bytes/block]

write  => 0(times) 0K(bytes) [0K bytes to file]
read   => 23(times) 943K(bytes) [172K bytes compressed data from file]
access => 4679167(times) 36898M(bytes)
          [hit ratio: 99.9995%]

time: write(0) read(0)  unit: second

swap file directory: (/home/saizhang/sv_test/cases/uvm_router_v1.0/vcs_sim/verdiLog)
used swap file number: (25)



swap file manager:
arrSize: (256)
idxCnt: (26)
closeHead: (22)
closeTail: (25)
openCnt: (1)
fid(25): fd(0) fileName(NULL)
	mode(rb)	hot(24) cool(0) pos(0)
fid(24): fd(0) fileName(NULL)
	mode(rb)	hot(22) cool(25) pos(0)
fid(23): fd(58) fileName(/home/saizhang/sv_test/cases/uvm_router_v1.0/vcs_sim/verdiLog/_swap_0001#8323328#3754)
	size(0) lastModTime(0) curModTime(1732339877)
	mode(w+b)	hot(24) cool(22) pos(0)
fid(22): fd(0) fileName(NULL)
	mode(rb)	hot(23) cool(24) pos(0)
fid(21): fd(0) fileName(NULL)
	mode(NULL)	hot(0) cool(0) pos(0)
fid(20): fd(0) fileName(NULL)
	mode(NULL)	hot(0) cool(0) pos(0)
fid(19): fd(0) fileName(NULL)
	mode(NULL)	hot(0) cool(0) pos(0)
fid(18): fd(0) fileName(NULL)
	mode(NULL)	hot(0) cool(0) pos(0)
fid(17): fd(0) fileName(NULL)
	mode(NULL)	hot(0) cool(0) pos(0)
fid(16): fd(0) fileName(NULL)
	mode(NULL)	hot(0) cool(0) pos(0)
fid(15): fd(0) fileName(NULL)
	mode(NULL)	hot(0) cool(0) pos(0)
fid(14): fd(0) fileName(NULL)
	mode(NULL)	hot(0) cool(0) pos(0)
fid(13): fd(0) fileName(NULL)
	mode(NULL)	hot(0) cool(0) pos(0)
fid(12): fd(0) fileName(NULL)
	mode(NULL)	hot(0) cool(0) pos(0)
fid(11): fd(0) fileName(NULL)
	mode(NULL)	hot(0) cool(0) pos(0)
fid(10): fd(0) fileName(NULL)
	mode(NULL)	hot(0) cool(0) pos(0)
fid(9): fd(0) fileName(NULL)
	mode(NULL)	hot(0) cool(0) pos(0)
fid(8): fd(0) fileName(NULL)
	mode(NULL)	hot(0) cool(0) pos(0)
fid(7): fd(0) fileName(NULL)
	mode(NULL)	hot(0) cool(0) pos(0)
fid(6): fd(0) fileName(NULL)
	mode(NULL)	hot(0) cool(0) pos(0)
fid(5): fd(0) fileName(NULL)
	mode(NULL)	hot(0) cool(0) pos(0)
fid(4): fd(0) fileName(NULL)
	mode(NULL)	hot(0) cool(0) pos(0)
fid(3): fd(0) fileName(NULL)
	mode(NULL)	hot(0) cool(0) pos(0)
fid(2): fd(0) fileName(NULL)
	mode(NULL)	hot(0) cool(0) pos(0)
fid(1): fd(0) fileName(NULL)
	mode(NULL)	hot(0) cool(0) pos(0)
fid(0): fd(0) fileName(NULL)
	mode(NULL)	hot(0) cool(0) pos(0)
Swap system is reset at (Fri Nov 22 22:05:10 2024
)
version: (200506)

available memory: 64M bytes
used memory: 4M bytes [need 712K bytes if disable swap]

used block: 207 [memory(207) file(0)]
                 [ 8K(179) 64K(28) { total 4M bytes } ]
overhead: (9555) bytes for (207) blocks [Average: (46) bytes/block]

write  => 0(times) 0K(bytes) [0K bytes to file]
read   => 28(times) 1M(bytes) [208K bytes compressed data from file]
access => 5152436(times) 40672M(bytes)
          [hit ratio: 99.9995%]

time: write(0) read(0)  unit: second

swap file directory: (/home/saizhang/sv_test/cases/uvm_router_v1.0/vcs_sim/verdiLog)
used swap file number: (31)



swap file manager:
arrSize: (256)
idxCnt: (33)
closeHead: (26)
closeTail: (31)
openCnt: (1)
fid(32): fd(0) fileName(NULL)
	mode(rb)	hot(31) cool(0) pos(0)
fid(31): fd(0) fileName(NULL)
	mode(rb)	hot(30) cool(32) pos(0)
fid(30): fd(0) fileName(NULL)
	mode(rb)	hot(29) cool(31) pos(0)
fid(29): fd(0) fileName(NULL)
	mode(rb)	hot(28) cool(30) pos(0)
fid(28): fd(0) fileName(NULL)
	mode(rb)	hot(26) cool(29) pos(0)
fid(27): fd(58) fileName(/home/saizhang/sv_test/cases/uvm_router_v1.0/vcs_sim/verdiLog/_swap_0001#8323328#3754)
	size(0) lastModTime(0) curModTime(1732341910)
	mode(w+b)	hot(28) cool(26) pos(0)
fid(26): fd(0) fileName(NULL)
	mode(rb)	hot(27) cool(28) pos(0)
fid(25): fd(0) fileName(NULL)
	mode(NULL)	hot(0) cool(0) pos(0)
fid(24): fd(0) fileName(NULL)
	mode(NULL)	hot(0) cool(0) pos(0)
fid(23): fd(0) fileName(NULL)
	mode(NULL)	hot(0) cool(0) pos(0)
fid(22): fd(0) fileName(NULL)
	mode(NULL)	hot(0) cool(0) pos(0)
fid(21): fd(0) fileName(NULL)
	mode(NULL)	hot(0) cool(0) pos(0)
fid(20): fd(0) fileName(NULL)
	mode(NULL)	hot(0) cool(0) pos(0)
fid(19): fd(0) fileName(NULL)
	mode(NULL)	hot(0) cool(0) pos(0)
fid(18): fd(0) fileName(NULL)
	mode(NULL)	hot(0) cool(0) pos(0)
fid(17): fd(0) fileName(NULL)
	mode(NULL)	hot(0) cool(0) pos(0)
fid(16): fd(0) fileName(NULL)
	mode(NULL)	hot(0) cool(0) pos(0)
fid(15): fd(0) fileName(NULL)
	mode(NULL)	hot(0) cool(0) pos(0)
fid(14): fd(0) fileName(NULL)
	mode(NULL)	hot(0) cool(0) pos(0)
fid(13): fd(0) fileName(NULL)
	mode(NULL)	hot(0) cool(0) pos(0)
fid(12): fd(0) fileName(NULL)
	mode(NULL)	hot(0) cool(0) pos(0)
fid(11): fd(0) fileName(NULL)
	mode(NULL)	hot(0) cool(0) pos(0)
fid(10): fd(0) fileName(NULL)
	mode(NULL)	hot(0) cool(0) pos(0)
fid(9): fd(0) fileName(NULL)
	mode(NULL)	hot(0) cool(0) pos(0)
fid(8): fd(0) fileName(NULL)
	mode(NULL)	hot(0) cool(0) pos(0)
fid(7): fd(0) fileName(NULL)
	mode(NULL)	hot(0) cool(0) pos(0)
fid(6): fd(0) fileName(NULL)
	mode(NULL)	hot(0) cool(0) pos(0)
fid(5): fd(0) fileName(NULL)
	mode(NULL)	hot(0) cool(0) pos(0)
fid(4): fd(0) fileName(NULL)
	mode(NULL)	hot(0) cool(0) pos(0)
fid(3): fd(0) fileName(NULL)
	mode(NULL)	hot(0) cool(0) pos(0)
fid(2): fd(0) fileName(NULL)
	mode(NULL)	hot(0) cool(0) pos(0)
fid(1): fd(0) fileName(NULL)
	mode(NULL)	hot(0) cool(0) pos(0)
fid(0): fd(0) fileName(NULL)
	mode(NULL)	hot(0) cool(0) pos(0)
Swap system is reset at (Fri Nov 22 22:56:02 2024
)
version: (200506)

available memory: 64M bytes
used memory: 4M bytes [need 712K bytes if disable swap]

used block: 232 [memory(232) file(0)]
                 [ 8K(200) 64K(32) { total 4M bytes } ]
overhead: (9555) bytes for (232) blocks [Average: (41) bytes/block]

write  => 0(times) 0K(bytes) [0K bytes to file]
read   => 32(times) 1M(bytes) [237K bytes compressed data from file]
access => 5194317(times) 41057M(bytes)
          [hit ratio: 99.9994%]

time: write(0) read(0)  unit: second

swap file directory: (/home/saizhang/sv_test/cases/uvm_router_v1.0/vcs_sim/verdiLog)
used swap file number: (37)



swap file manager:
arrSize: (256)
idxCnt: (38)
closeHead: (33)
closeTail: (37)
openCnt: (1)
fid(37): fd(0) fileName(NULL)
	mode(rb)	hot(36) cool(0) pos(0)
fid(36): fd(0) fileName(NULL)
	mode(rb)	hot(35) cool(37) pos(0)
fid(35): fd(0) fileName(NULL)
	mode(rb)	hot(33) cool(36) pos(0)
fid(34): fd(58) fileName(/home/saizhang/sv_test/cases/uvm_router_v1.0/vcs_sim/verdiLog/_swap_0001#8323328#3754)
	size(0) lastModTime(0) curModTime(1732344962)
	mode(w+b)	hot(36) cool(33) pos(0)
fid(33): fd(0) fileName(NULL)
	mode(rb)	hot(34) cool(35) pos(0)
fid(32): fd(0) fileName(NULL)
	mode(NULL)	hot(0) cool(0) pos(0)
fid(31): fd(0) fileName(NULL)
	mode(NULL)	hot(0) cool(0) pos(0)
fid(30): fd(0) fileName(NULL)
	mode(NULL)	hot(0) cool(0) pos(0)
fid(29): fd(0) fileName(NULL)
	mode(NULL)	hot(0) cool(0) pos(0)
fid(28): fd(0) fileName(NULL)
	mode(NULL)	hot(0) cool(0) pos(0)
fid(27): fd(0) fileName(NULL)
	mode(NULL)	hot(0) cool(0) pos(0)
fid(26): fd(0) fileName(NULL)
	mode(NULL)	hot(0) cool(0) pos(0)
fid(25): fd(0) fileName(NULL)
	mode(NULL)	hot(0) cool(0) pos(0)
fid(24): fd(0) fileName(NULL)
	mode(NULL)	hot(0) cool(0) pos(0)
fid(23): fd(0) fileName(NULL)
	mode(NULL)	hot(0) cool(0) pos(0)
fid(22): fd(0) fileName(NULL)
	mode(NULL)	hot(0) cool(0) pos(0)
fid(21): fd(0) fileName(NULL)
	mode(NULL)	hot(0) cool(0) pos(0)
fid(20): fd(0) fileName(NULL)
	mode(NULL)	hot(0) cool(0) pos(0)
fid(19): fd(0) fileName(NULL)
	mode(NULL)	hot(0) cool(0) pos(0)
fid(18): fd(0) fileName(NULL)
	mode(NULL)	hot(0) cool(0) pos(0)
fid(17): fd(0) fileName(NULL)
	mode(NULL)	hot(0) cool(0) pos(0)
fid(16): fd(0) fileName(NULL)
	mode(NULL)	hot(0) cool(0) pos(0)
fid(15): fd(0) fileName(NULL)
	mode(NULL)	hot(0) cool(0) pos(0)
fid(14): fd(0) fileName(NULL)
	mode(NULL)	hot(0) cool(0) pos(0)
fid(13): fd(0) fileName(NULL)
	mode(NULL)	hot(0) cool(0) pos(0)
fid(12): fd(0) fileName(NULL)
	mode(NULL)	hot(0) cool(0) pos(0)
fid(11): fd(0) fileName(NULL)
	mode(NULL)	hot(0) cool(0) pos(0)
fid(10): fd(0) fileName(NULL)
	mode(NULL)	hot(0) cool(0) pos(0)
fid(9): fd(0) fileName(NULL)
	mode(NULL)	hot(0) cool(0) pos(0)
fid(8): fd(0) fileName(NULL)
	mode(NULL)	hot(0) cool(0) pos(0)
fid(7): fd(0) fileName(NULL)
	mode(NULL)	hot(0) cool(0) pos(0)
fid(6): fd(0) fileName(NULL)
	mode(NULL)	hot(0) cool(0) pos(0)
fid(5): fd(0) fileName(NULL)
	mode(NULL)	hot(0) cool(0) pos(0)
fid(4): fd(0) fileName(NULL)
	mode(NULL)	hot(0) cool(0) pos(0)
fid(3): fd(0) fileName(NULL)
	mode(NULL)	hot(0) cool(0) pos(0)
fid(2): fd(0) fileName(NULL)
	mode(NULL)	hot(0) cool(0) pos(0)
fid(1): fd(0) fileName(NULL)
	mode(NULL)	hot(0) cool(0) pos(0)
fid(0): fd(0) fileName(NULL)
	mode(NULL)	hot(0) cool(0) pos(0)
Swap system is reset at (Fri Nov 22 22:59:21 2024
)
version: (200506)

available memory: 64M bytes
used memory: 4M bytes [need 712K bytes if disable swap]

used block: 253 [memory(253) file(0)]
                 [ 8K(218) 64K(35) { total 4M bytes } ]
overhead: (9555) bytes for (253) blocks [Average: (37) bytes/block]

write  => 0(times) 0K(bytes) [0K bytes to file]
read   => 35(times) 1M(bytes) [262K bytes compressed data from file]
access => 5220862(times) 41317M(bytes)
          [hit ratio: 99.9993%]

time: write(0) read(0)  unit: second

swap file directory: (/home/saizhang/sv_test/cases/uvm_router_v1.0/vcs_sim/verdiLog)
used swap file number: (41)



swap file manager:
arrSize: (256)
idxCnt: (42)
closeHead: (38)
closeTail: (41)
openCnt: (1)
fid(41): fd(0) fileName(NULL)
	mode(rb)	hot(40) cool(0) pos(0)
fid(40): fd(0) fileName(NULL)
	mode(rb)	hot(38) cool(41) pos(0)
fid(39): fd(58) fileName(/home/saizhang/sv_test/cases/uvm_router_v1.0/vcs_sim/verdiLog/_swap_0001#8323328#3754)
	size(0) lastModTime(0) curModTime(1732345162)
	mode(w+b)	hot(41) cool(38) pos(0)
fid(38): fd(0) fileName(NULL)
	mode(rb)	hot(39) cool(40) pos(0)
fid(37): fd(0) fileName(NULL)
	mode(NULL)	hot(0) cool(0) pos(0)
fid(36): fd(0) fileName(NULL)
	mode(NULL)	hot(0) cool(0) pos(0)
fid(35): fd(0) fileName(NULL)
	mode(NULL)	hot(0) cool(0) pos(0)
fid(34): fd(0) fileName(NULL)
	mode(NULL)	hot(0) cool(0) pos(0)
fid(33): fd(0) fileName(NULL)
	mode(NULL)	hot(0) cool(0) pos(0)
fid(32): fd(0) fileName(NULL)
	mode(NULL)	hot(0) cool(0) pos(0)
fid(31): fd(0) fileName(NULL)
	mode(NULL)	hot(0) cool(0) pos(0)
fid(30): fd(0) fileName(NULL)
	mode(NULL)	hot(0) cool(0) pos(0)
fid(29): fd(0) fileName(NULL)
	mode(NULL)	hot(0) cool(0) pos(0)
fid(28): fd(0) fileName(NULL)
	mode(NULL)	hot(0) cool(0) pos(0)
fid(27): fd(0) fileName(NULL)
	mode(NULL)	hot(0) cool(0) pos(0)
fid(26): fd(0) fileName(NULL)
	mode(NULL)	hot(0) cool(0) pos(0)
fid(25): fd(0) fileName(NULL)
	mode(NULL)	hot(0) cool(0) pos(0)
fid(24): fd(0) fileName(NULL)
	mode(NULL)	hot(0) cool(0) pos(0)
fid(23): fd(0) fileName(NULL)
	mode(NULL)	hot(0) cool(0) pos(0)
fid(22): fd(0) fileName(NULL)
	mode(NULL)	hot(0) cool(0) pos(0)
fid(21): fd(0) fileName(NULL)
	mode(NULL)	hot(0) cool(0) pos(0)
fid(20): fd(0) fileName(NULL)
	mode(NULL)	hot(0) cool(0) pos(0)
fid(19): fd(0) fileName(NULL)
	mode(NULL)	hot(0) cool(0) pos(0)
fid(18): fd(0) fileName(NULL)
	mode(NULL)	hot(0) cool(0) pos(0)
fid(17): fd(0) fileName(NULL)
	mode(NULL)	hot(0) cool(0) pos(0)
fid(16): fd(0) fileName(NULL)
	mode(NULL)	hot(0) cool(0) pos(0)
fid(15): fd(0) fileName(NULL)
	mode(NULL)	hot(0) cool(0) pos(0)
fid(14): fd(0) fileName(NULL)
	mode(NULL)	hot(0) cool(0) pos(0)
fid(13): fd(0) fileName(NULL)
	mode(NULL)	hot(0) cool(0) pos(0)
fid(12): fd(0) fileName(NULL)
	mode(NULL)	hot(0) cool(0) pos(0)
fid(11): fd(0) fileName(NULL)
	mode(NULL)	hot(0) cool(0) pos(0)
fid(10): fd(0) fileName(NULL)
	mode(NULL)	hot(0) cool(0) pos(0)
fid(9): fd(0) fileName(NULL)
	mode(NULL)	hot(0) cool(0) pos(0)
fid(8): fd(0) fileName(NULL)
	mode(NULL)	hot(0) cool(0) pos(0)
fid(7): fd(0) fileName(NULL)
	mode(NULL)	hot(0) cool(0) pos(0)
fid(6): fd(0) fileName(NULL)
	mode(NULL)	hot(0) cool(0) pos(0)
fid(5): fd(0) fileName(NULL)
	mode(NULL)	hot(0) cool(0) pos(0)
fid(4): fd(0) fileName(NULL)
	mode(NULL)	hot(0) cool(0) pos(0)
fid(3): fd(0) fileName(NULL)
	mode(NULL)	hot(0) cool(0) pos(0)
fid(2): fd(0) fileName(NULL)
	mode(NULL)	hot(0) cool(0) pos(0)
fid(1): fd(0) fileName(NULL)
	mode(NULL)	hot(0) cool(0) pos(0)
fid(0): fd(0) fileName(NULL)
	mode(NULL)	hot(0) cool(0) pos(0)
Swap system is reset at (Fri Nov 22 23:00:47 2024
)
version: (200506)

available memory: 64M bytes
used memory: 5M bytes [need 712K bytes if disable swap]

used block: 274 [memory(274) file(0)]
                 [ 8K(236) 64K(38) { total 5M bytes } ]
overhead: (9555) bytes for (274) blocks [Average: (34) bytes/block]

write  => 0(times) 0K(bytes) [0K bytes to file]
read   => 38(times) 1M(bytes) [287K bytes compressed data from file]
access => 5258318(times) 41663M(bytes)
          [hit ratio: 99.9993%]

time: write(0) read(0)  unit: second

swap file directory: (/home/saizhang/sv_test/cases/uvm_router_v1.0/vcs_sim/verdiLog)
used swap file number: (44)



swap file manager:
arrSize: (256)
idxCnt: (45)
closeHead: (42)
closeTail: (44)
openCnt: (1)
fid(44): fd(0) fileName(NULL)
	mode(rb)	hot(42) cool(0) pos(0)
fid(43): fd(58) fileName(/home/saizhang/sv_test/cases/uvm_router_v1.0/vcs_sim/verdiLog/_swap_0001#8323328#3754)
	size(0) lastModTime(0) curModTime(1732345248)
	mode(w+b)	hot(44) cool(42) pos(0)
fid(42): fd(0) fileName(NULL)
	mode(rb)	hot(43) cool(44) pos(0)
fid(41): fd(0) fileName(NULL)
	mode(NULL)	hot(0) cool(0) pos(0)
fid(40): fd(0) fileName(NULL)
	mode(NULL)	hot(0) cool(0) pos(0)
fid(39): fd(0) fileName(NULL)
	mode(NULL)	hot(0) cool(0) pos(0)
fid(38): fd(0) fileName(NULL)
	mode(NULL)	hot(0) cool(0) pos(0)
fid(37): fd(0) fileName(NULL)
	mode(NULL)	hot(0) cool(0) pos(0)
fid(36): fd(0) fileName(NULL)
	mode(NULL)	hot(0) cool(0) pos(0)
fid(35): fd(0) fileName(NULL)
	mode(NULL)	hot(0) cool(0) pos(0)
fid(34): fd(0) fileName(NULL)
	mode(NULL)	hot(0) cool(0) pos(0)
fid(33): fd(0) fileName(NULL)
	mode(NULL)	hot(0) cool(0) pos(0)
fid(32): fd(0) fileName(NULL)
	mode(NULL)	hot(0) cool(0) pos(0)
fid(31): fd(0) fileName(NULL)
	mode(NULL)	hot(0) cool(0) pos(0)
fid(30): fd(0) fileName(NULL)
	mode(NULL)	hot(0) cool(0) pos(0)
fid(29): fd(0) fileName(NULL)
	mode(NULL)	hot(0) cool(0) pos(0)
fid(28): fd(0) fileName(NULL)
	mode(NULL)	hot(0) cool(0) pos(0)
fid(27): fd(0) fileName(NULL)
	mode(NULL)	hot(0) cool(0) pos(0)
fid(26): fd(0) fileName(NULL)
	mode(NULL)	hot(0) cool(0) pos(0)
fid(25): fd(0) fileName(NULL)
	mode(NULL)	hot(0) cool(0) pos(0)
fid(24): fd(0) fileName(NULL)
	mode(NULL)	hot(0) cool(0) pos(0)
fid(23): fd(0) fileName(NULL)
	mode(NULL)	hot(0) cool(0) pos(0)
fid(22): fd(0) fileName(NULL)
	mode(NULL)	hot(0) cool(0) pos(0)
fid(21): fd(0) fileName(NULL)
	mode(NULL)	hot(0) cool(0) pos(0)
fid(20): fd(0) fileName(NULL)
	mode(NULL)	hot(0) cool(0) pos(0)
fid(19): fd(0) fileName(NULL)
	mode(NULL)	hot(0) cool(0) pos(0)
fid(18): fd(0) fileName(NULL)
	mode(NULL)	hot(0) cool(0) pos(0)
fid(17): fd(0) fileName(NULL)
	mode(NULL)	hot(0) cool(0) pos(0)
fid(16): fd(0) fileName(NULL)
	mode(NULL)	hot(0) cool(0) pos(0)
fid(15): fd(0) fileName(NULL)
	mode(NULL)	hot(0) cool(0) pos(0)
fid(14): fd(0) fileName(NULL)
	mode(NULL)	hot(0) cool(0) pos(0)
fid(13): fd(0) fileName(NULL)
	mode(NULL)	hot(0) cool(0) pos(0)
fid(12): fd(0) fileName(NULL)
	mode(NULL)	hot(0) cool(0) pos(0)
fid(11): fd(0) fileName(NULL)
	mode(NULL)	hot(0) cool(0) pos(0)
fid(10): fd(0) fileName(NULL)
	mode(NULL)	hot(0) cool(0) pos(0)
fid(9): fd(0) fileName(NULL)
	mode(NULL)	hot(0) cool(0) pos(0)
fid(8): fd(0) fileName(NULL)
	mode(NULL)	hot(0) cool(0) pos(0)
fid(7): fd(0) fileName(NULL)
	mode(NULL)	hot(0) cool(0) pos(0)
fid(6): fd(0) fileName(NULL)
	mode(NULL)	hot(0) cool(0) pos(0)
fid(5): fd(0) fileName(NULL)
	mode(NULL)	hot(0) cool(0) pos(0)
fid(4): fd(0) fileName(NULL)
	mode(NULL)	hot(0) cool(0) pos(0)
fid(3): fd(0) fileName(NULL)
	mode(NULL)	hot(0) cool(0) pos(0)
fid(2): fd(0) fileName(NULL)
	mode(NULL)	hot(0) cool(0) pos(0)
fid(1): fd(0) fileName(NULL)
	mode(NULL)	hot(0) cool(0) pos(0)
fid(0): fd(0) fileName(NULL)
	mode(NULL)	hot(0) cool(0) pos(0)
Swap system is reset at (Fri Nov 22 23:01:03 2024
)
version: (200506)

available memory: 64M bytes
used memory: 5M bytes [need 712K bytes if disable swap]

used block: 295 [memory(295) file(0)]
                 [ 8K(254) 64K(41) { total 5M bytes } ]
overhead: (9555) bytes for (295) blocks [Average: (32) bytes/block]

write  => 0(times) 0K(bytes) [0K bytes to file]
read   => 41(times) 1M(bytes) [312K bytes compressed data from file]
access => 5297052(times) 42019M(bytes)
          [hit ratio: 99.9992%]

time: write(0) read(0)  unit: second

swap file directory: (/home/saizhang/sv_test/cases/uvm_router_v1.0/vcs_sim/verdiLog)
used swap file number: (47)



swap file manager:
arrSize: (256)
idxCnt: (48)
closeHead: (45)
closeTail: (47)
openCnt: (1)
fid(47): fd(0) fileName(NULL)
	mode(rb)	hot(45) cool(0) pos(0)
fid(46): fd(59) fileName(/home/saizhang/sv_test/cases/uvm_router_v1.0/vcs_sim/verdiLog/_swap_0001#8323328#3754)
	size(0) lastModTime(0) curModTime(1732345263)
	mode(w+b)	hot(47) cool(45) pos(0)
fid(45): fd(0) fileName(NULL)
	mode(rb)	hot(46) cool(47) pos(0)
fid(44): fd(0) fileName(NULL)
	mode(NULL)	hot(0) cool(0) pos(0)
fid(43): fd(0) fileName(NULL)
	mode(NULL)	hot(0) cool(0) pos(0)
fid(42): fd(0) fileName(NULL)
	mode(NULL)	hot(0) cool(0) pos(0)
fid(41): fd(0) fileName(NULL)
	mode(NULL)	hot(0) cool(0) pos(0)
fid(40): fd(0) fileName(NULL)
	mode(NULL)	hot(0) cool(0) pos(0)
fid(39): fd(0) fileName(NULL)
	mode(NULL)	hot(0) cool(0) pos(0)
fid(38): fd(0) fileName(NULL)
	mode(NULL)	hot(0) cool(0) pos(0)
fid(37): fd(0) fileName(NULL)
	mode(NULL)	hot(0) cool(0) pos(0)
fid(36): fd(0) fileName(NULL)
	mode(NULL)	hot(0) cool(0) pos(0)
fid(35): fd(0) fileName(NULL)
	mode(NULL)	hot(0) cool(0) pos(0)
fid(34): fd(0) fileName(NULL)
	mode(NULL)	hot(0) cool(0) pos(0)
fid(33): fd(0) fileName(NULL)
	mode(NULL)	hot(0) cool(0) pos(0)
fid(32): fd(0) fileName(NULL)
	mode(NULL)	hot(0) cool(0) pos(0)
fid(31): fd(0) fileName(NULL)
	mode(NULL)	hot(0) cool(0) pos(0)
fid(30): fd(0) fileName(NULL)
	mode(NULL)	hot(0) cool(0) pos(0)
fid(29): fd(0) fileName(NULL)
	mode(NULL)	hot(0) cool(0) pos(0)
fid(28): fd(0) fileName(NULL)
	mode(NULL)	hot(0) cool(0) pos(0)
fid(27): fd(0) fileName(NULL)
	mode(NULL)	hot(0) cool(0) pos(0)
fid(26): fd(0) fileName(NULL)
	mode(NULL)	hot(0) cool(0) pos(0)
fid(25): fd(0) fileName(NULL)
	mode(NULL)	hot(0) cool(0) pos(0)
fid(24): fd(0) fileName(NULL)
	mode(NULL)	hot(0) cool(0) pos(0)
fid(23): fd(0) fileName(NULL)
	mode(NULL)	hot(0) cool(0) pos(0)
fid(22): fd(0) fileName(NULL)
	mode(NULL)	hot(0) cool(0) pos(0)
fid(21): fd(0) fileName(NULL)
	mode(NULL)	hot(0) cool(0) pos(0)
fid(20): fd(0) fileName(NULL)
	mode(NULL)	hot(0) cool(0) pos(0)
fid(19): fd(0) fileName(NULL)
	mode(NULL)	hot(0) cool(0) pos(0)
fid(18): fd(0) fileName(NULL)
	mode(NULL)	hot(0) cool(0) pos(0)
fid(17): fd(0) fileName(NULL)
	mode(NULL)	hot(0) cool(0) pos(0)
fid(16): fd(0) fileName(NULL)
	mode(NULL)	hot(0) cool(0) pos(0)
fid(15): fd(0) fileName(NULL)
	mode(NULL)	hot(0) cool(0) pos(0)
fid(14): fd(0) fileName(NULL)
	mode(NULL)	hot(0) cool(0) pos(0)
fid(13): fd(0) fileName(NULL)
	mode(NULL)	hot(0) cool(0) pos(0)
fid(12): fd(0) fileName(NULL)
	mode(NULL)	hot(0) cool(0) pos(0)
fid(11): fd(0) fileName(NULL)
	mode(NULL)	hot(0) cool(0) pos(0)
fid(10): fd(0) fileName(NULL)
	mode(NULL)	hot(0) cool(0) pos(0)
fid(9): fd(0) fileName(NULL)
	mode(NULL)	hot(0) cool(0) pos(0)
fid(8): fd(0) fileName(NULL)
	mode(NULL)	hot(0) cool(0) pos(0)
fid(7): fd(0) fileName(NULL)
	mode(NULL)	hot(0) cool(0) pos(0)
fid(6): fd(0) fileName(NULL)
	mode(NULL)	hot(0) cool(0) pos(0)
fid(5): fd(0) fileName(NULL)
	mode(NULL)	hot(0) cool(0) pos(0)
fid(4): fd(0) fileName(NULL)
	mode(NULL)	hot(0) cool(0) pos(0)
fid(3): fd(0) fileName(NULL)
	mode(NULL)	hot(0) cool(0) pos(0)
fid(2): fd(0) fileName(NULL)
	mode(NULL)	hot(0) cool(0) pos(0)
fid(1): fd(0) fileName(NULL)
	mode(NULL)	hot(0) cool(0) pos(0)
fid(0): fd(0) fileName(NULL)
	mode(NULL)	hot(0) cool(0) pos(0)
Swap system is reset at (Fri Nov 22 23:02:44 2024
)
version: (200506)

available memory: 64M bytes
used memory: 5M bytes [need 712K bytes if disable swap]

used block: 316 [memory(316) file(0)]
                 [ 8K(272) 64K(44) { total 5M bytes } ]
overhead: (9555) bytes for (316) blocks [Average: (30) bytes/block]

write  => 0(times) 0K(bytes) [0K bytes to file]
read   => 44(times) 1M(bytes) [336K bytes compressed data from file]
access => 5338856(times) 42399M(bytes)
          [hit ratio: 99.9992%]

time: write(0) read(0)  unit: second

swap file directory: (/home/saizhang/sv_test/cases/uvm_router_v1.0/vcs_sim/verdiLog)
used swap file number: (50)



swap file manager:
arrSize: (256)
idxCnt: (51)
closeHead: (48)
closeTail: (50)
openCnt: (1)
fid(50): fd(0) fileName(NULL)
	mode(rb)	hot(48) cool(0) pos(0)
fid(49): fd(72) fileName(/home/saizhang/sv_test/cases/uvm_router_v1.0/vcs_sim/verdiLog/_swap_0001#8323328#3754)
	size(0) lastModTime(0) curModTime(1732345364)
	mode(w+b)	hot(50) cool(48) pos(0)
fid(48): fd(0) fileName(NULL)
	mode(rb)	hot(49) cool(50) pos(0)
fid(47): fd(0) fileName(NULL)
	mode(NULL)	hot(0) cool(0) pos(0)
fid(46): fd(0) fileName(NULL)
	mode(NULL)	hot(0) cool(0) pos(0)
fid(45): fd(0) fileName(NULL)
	mode(NULL)	hot(0) cool(0) pos(0)
fid(44): fd(0) fileName(NULL)
	mode(NULL)	hot(0) cool(0) pos(0)
fid(43): fd(0) fileName(NULL)
	mode(NULL)	hot(0) cool(0) pos(0)
fid(42): fd(0) fileName(NULL)
	mode(NULL)	hot(0) cool(0) pos(0)
fid(41): fd(0) fileName(NULL)
	mode(NULL)	hot(0) cool(0) pos(0)
fid(40): fd(0) fileName(NULL)
	mode(NULL)	hot(0) cool(0) pos(0)
fid(39): fd(0) fileName(NULL)
	mode(NULL)	hot(0) cool(0) pos(0)
fid(38): fd(0) fileName(NULL)
	mode(NULL)	hot(0) cool(0) pos(0)
fid(37): fd(0) fileName(NULL)
	mode(NULL)	hot(0) cool(0) pos(0)
fid(36): fd(0) fileName(NULL)
	mode(NULL)	hot(0) cool(0) pos(0)
fid(35): fd(0) fileName(NULL)
	mode(NULL)	hot(0) cool(0) pos(0)
fid(34): fd(0) fileName(NULL)
	mode(NULL)	hot(0) cool(0) pos(0)
fid(33): fd(0) fileName(NULL)
	mode(NULL)	hot(0) cool(0) pos(0)
fid(32): fd(0) fileName(NULL)
	mode(NULL)	hot(0) cool(0) pos(0)
fid(31): fd(0) fileName(NULL)
	mode(NULL)	hot(0) cool(0) pos(0)
fid(30): fd(0) fileName(NULL)
	mode(NULL)	hot(0) cool(0) pos(0)
fid(29): fd(0) fileName(NULL)
	mode(NULL)	hot(0) cool(0) pos(0)
fid(28): fd(0) fileName(NULL)
	mode(NULL)	hot(0) cool(0) pos(0)
fid(27): fd(0) fileName(NULL)
	mode(NULL)	hot(0) cool(0) pos(0)
fid(26): fd(0) fileName(NULL)
	mode(NULL)	hot(0) cool(0) pos(0)
fid(25): fd(0) fileName(NULL)
	mode(NULL)	hot(0) cool(0) pos(0)
fid(24): fd(0) fileName(NULL)
	mode(NULL)	hot(0) cool(0) pos(0)
fid(23): fd(0) fileName(NULL)
	mode(NULL)	hot(0) cool(0) pos(0)
fid(22): fd(0) fileName(NULL)
	mode(NULL)	hot(0) cool(0) pos(0)
fid(21): fd(0) fileName(NULL)
	mode(NULL)	hot(0) cool(0) pos(0)
fid(20): fd(0) fileName(NULL)
	mode(NULL)	hot(0) cool(0) pos(0)
fid(19): fd(0) fileName(NULL)
	mode(NULL)	hot(0) cool(0) pos(0)
fid(18): fd(0) fileName(NULL)
	mode(NULL)	hot(0) cool(0) pos(0)
fid(17): fd(0) fileName(NULL)
	mode(NULL)	hot(0) cool(0) pos(0)
fid(16): fd(0) fileName(NULL)
	mode(NULL)	hot(0) cool(0) pos(0)
fid(15): fd(0) fileName(NULL)
	mode(NULL)	hot(0) cool(0) pos(0)
fid(14): fd(0) fileName(NULL)
	mode(NULL)	hot(0) cool(0) pos(0)
fid(13): fd(0) fileName(NULL)
	mode(NULL)	hot(0) cool(0) pos(0)
fid(12): fd(0) fileName(NULL)
	mode(NULL)	hot(0) cool(0) pos(0)
fid(11): fd(0) fileName(NULL)
	mode(NULL)	hot(0) cool(0) pos(0)
fid(10): fd(0) fileName(NULL)
	mode(NULL)	hot(0) cool(0) pos(0)
fid(9): fd(0) fileName(NULL)
	mode(NULL)	hot(0) cool(0) pos(0)
fid(8): fd(0) fileName(NULL)
	mode(NULL)	hot(0) cool(0) pos(0)
fid(7): fd(0) fileName(NULL)
	mode(NULL)	hot(0) cool(0) pos(0)
fid(6): fd(0) fileName(NULL)
	mode(NULL)	hot(0) cool(0) pos(0)
fid(5): fd(0) fileName(NULL)
	mode(NULL)	hot(0) cool(0) pos(0)
fid(4): fd(0) fileName(NULL)
	mode(NULL)	hot(0) cool(0) pos(0)
fid(3): fd(0) fileName(NULL)
	mode(NULL)	hot(0) cool(0) pos(0)
fid(2): fd(0) fileName(NULL)
	mode(NULL)	hot(0) cool(0) pos(0)
fid(1): fd(0) fileName(NULL)
	mode(NULL)	hot(0) cool(0) pos(0)
fid(0): fd(0) fileName(NULL)
	mode(NULL)	hot(0) cool(0) pos(0)
Swap system is reset at (Sat Nov 23 00:37:17 2024
)
version: (200506)

available memory: 64M bytes
used memory: 6M bytes [need 712K bytes if disable swap]

used block: 363 [memory(363) file(0)]
                 [ 8K(313) 64K(50) { total 6M bytes } ]
overhead: (9555) bytes for (363) blocks [Average: (26) bytes/block]

write  => 0(times) 0K(bytes) [0K bytes to file]
read   => 50(times) 1M(bytes) [376K bytes compressed data from file]
access => 6155719(times) 48868M(bytes)
          [hit ratio: 99.9992%]

time: write(0) read(0)  unit: second

swap file directory: (/home/saizhang/sv_test/cases/uvm_router_v1.0/vcs_sim/verdiLog)
used swap file number: (56)



swap file manager:
arrSize: (256)
idxCnt: (58)
closeHead: (51)
closeTail: (56)
openCnt: (1)
fid(57): fd(0) fileName(NULL)
	mode(rb)	hot(56) cool(0) pos(0)
fid(56): fd(0) fileName(NULL)
	mode(rb)	hot(55) cool(57) pos(0)
fid(55): fd(0) fileName(NULL)
	mode(rb)	hot(54) cool(56) pos(0)
fid(54): fd(0) fileName(NULL)
	mode(rb)	hot(53) cool(55) pos(0)
fid(53): fd(0) fileName(NULL)
	mode(rb)	hot(51) cool(54) pos(0)
fid(52): fd(72) fileName(/home/saizhang/sv_test/cases/uvm_router_v1.0/vcs_sim/verdiLog/_swap_0001#8323328#3754)
	size(0) lastModTime(0) curModTime(1732351038)
	mode(w+b)	hot(53) cool(51) pos(0)
fid(51): fd(0) fileName(NULL)
	mode(rb)	hot(52) cool(53) pos(0)
fid(50): fd(0) fileName(NULL)
	mode(NULL)	hot(0) cool(0) pos(0)
fid(49): fd(0) fileName(NULL)
	mode(NULL)	hot(0) cool(0) pos(0)
fid(48): fd(0) fileName(NULL)
	mode(NULL)	hot(0) cool(0) pos(0)
fid(47): fd(0) fileName(NULL)
	mode(NULL)	hot(0) cool(0) pos(0)
fid(46): fd(0) fileName(NULL)
	mode(NULL)	hot(0) cool(0) pos(0)
fid(45): fd(0) fileName(NULL)
	mode(NULL)	hot(0) cool(0) pos(0)
fid(44): fd(0) fileName(NULL)
	mode(NULL)	hot(0) cool(0) pos(0)
fid(43): fd(0) fileName(NULL)
	mode(NULL)	hot(0) cool(0) pos(0)
fid(42): fd(0) fileName(NULL)
	mode(NULL)	hot(0) cool(0) pos(0)
fid(41): fd(0) fileName(NULL)
	mode(NULL)	hot(0) cool(0) pos(0)
fid(40): fd(0) fileName(NULL)
	mode(NULL)	hot(0) cool(0) pos(0)
fid(39): fd(0) fileName(NULL)
	mode(NULL)	hot(0) cool(0) pos(0)
fid(38): fd(0) fileName(NULL)
	mode(NULL)	hot(0) cool(0) pos(0)
fid(37): fd(0) fileName(NULL)
	mode(NULL)	hot(0) cool(0) pos(0)
fid(36): fd(0) fileName(NULL)
	mode(NULL)	hot(0) cool(0) pos(0)
fid(35): fd(0) fileName(NULL)
	mode(NULL)	hot(0) cool(0) pos(0)
fid(34): fd(0) fileName(NULL)
	mode(NULL)	hot(0) cool(0) pos(0)
fid(33): fd(0) fileName(NULL)
	mode(NULL)	hot(0) cool(0) pos(0)
fid(32): fd(0) fileName(NULL)
	mode(NULL)	hot(0) cool(0) pos(0)
fid(31): fd(0) fileName(NULL)
	mode(NULL)	hot(0) cool(0) pos(0)
fid(30): fd(0) fileName(NULL)
	mode(NULL)	hot(0) cool(0) pos(0)
fid(29): fd(0) fileName(NULL)
	mode(NULL)	hot(0) cool(0) pos(0)
fid(28): fd(0) fileName(NULL)
	mode(NULL)	hot(0) cool(0) pos(0)
fid(27): fd(0) fileName(NULL)
	mode(NULL)	hot(0) cool(0) pos(0)
fid(26): fd(0) fileName(NULL)
	mode(NULL)	hot(0) cool(0) pos(0)
fid(25): fd(0) fileName(NULL)
	mode(NULL)	hot(0) cool(0) pos(0)
fid(24): fd(0) fileName(NULL)
	mode(NULL)	hot(0) cool(0) pos(0)
fid(23): fd(0) fileName(NULL)
	mode(NULL)	hot(0) cool(0) pos(0)
fid(22): fd(0) fileName(NULL)
	mode(NULL)	hot(0) cool(0) pos(0)
fid(21): fd(0) fileName(NULL)
	mode(NULL)	hot(0) cool(0) pos(0)
fid(20): fd(0) fileName(NULL)
	mode(NULL)	hot(0) cool(0) pos(0)
fid(19): fd(0) fileName(NULL)
	mode(NULL)	hot(0) cool(0) pos(0)
fid(18): fd(0) fileName(NULL)
	mode(NULL)	hot(0) cool(0) pos(0)
fid(17): fd(0) fileName(NULL)
	mode(NULL)	hot(0) cool(0) pos(0)
fid(16): fd(0) fileName(NULL)
	mode(NULL)	hot(0) cool(0) pos(0)
fid(15): fd(0) fileName(NULL)
	mode(NULL)	hot(0) cool(0) pos(0)
fid(14): fd(0) fileName(NULL)
	mode(NULL)	hot(0) cool(0) pos(0)
fid(13): fd(0) fileName(NULL)
	mode(NULL)	hot(0) cool(0) pos(0)
fid(12): fd(0) fileName(NULL)
	mode(NULL)	hot(0) cool(0) pos(0)
fid(11): fd(0) fileName(NULL)
	mode(NULL)	hot(0) cool(0) pos(0)
fid(10): fd(0) fileName(NULL)
	mode(NULL)	hot(0) cool(0) pos(0)
fid(9): fd(0) fileName(NULL)
	mode(NULL)	hot(0) cool(0) pos(0)
fid(8): fd(0) fileName(NULL)
	mode(NULL)	hot(0) cool(0) pos(0)
fid(7): fd(0) fileName(NULL)
	mode(NULL)	hot(0) cool(0) pos(0)
fid(6): fd(0) fileName(NULL)
	mode(NULL)	hot(0) cool(0) pos(0)
fid(5): fd(0) fileName(NULL)
	mode(NULL)	hot(0) cool(0) pos(0)
fid(4): fd(0) fileName(NULL)
	mode(NULL)	hot(0) cool(0) pos(0)
fid(3): fd(0) fileName(NULL)
	mode(NULL)	hot(0) cool(0) pos(0)
fid(2): fd(0) fileName(NULL)
	mode(NULL)	hot(0) cool(0) pos(0)
fid(1): fd(0) fileName(NULL)
	mode(NULL)	hot(0) cool(0) pos(0)
fid(0): fd(0) fileName(NULL)
	mode(NULL)	hot(0) cool(0) pos(0)
Swap system is reset at (Sat Nov 23 00:45:53 2024
)
version: (200506)

available memory: 64M bytes
used memory: 7M bytes [need 712K bytes if disable swap]

used block: 410 [memory(410) file(0)]
                 [ 8K(354) 64K(56) { total 7M bytes } ]
overhead: (9555) bytes for (410) blocks [Average: (23) bytes/block]

write  => 0(times) 0K(bytes) [0K bytes to file]
read   => 56(times) 2M(bytes) [416K bytes compressed data from file]
access => 9527546(times) 75298M(bytes)
          [hit ratio: 99.9994%]

time: write(0) read(0.001)  unit: second

swap file directory: (/home/saizhang/sv_test/cases/uvm_router_v1.0/vcs_sim/verdiLog)
used swap file number: (62)



swap file manager:
arrSize: (256)
idxCnt: (65)
closeHead: (58)
closeTail: (60)
openCnt: (1)
fid(64): fd(0) fileName(NULL)
	mode(rb)	hot(63) cool(0) pos(0)
fid(63): fd(0) fileName(NULL)
	mode(rb)	hot(62) cool(64) pos(0)
fid(62): fd(0) fileName(NULL)
	mode(rb)	hot(61) cool(63) pos(0)
fid(61): fd(0) fileName(NULL)
	mode(rb)	hot(60) cool(62) pos(0)
fid(60): fd(0) fileName(NULL)
	mode(rb)	hot(58) cool(61) pos(0)
fid(59): fd(96) fileName(/home/saizhang/sv_test/cases/uvm_router_v1.0/vcs_sim/verdiLog/_swap_0001#8323328#3754)
	size(0) lastModTime(0) curModTime(1732351553)
	mode(w+b)	hot(61) cool(58) pos(0)
fid(58): fd(0) fileName(NULL)
	mode(rb)	hot(59) cool(60) pos(0)
fid(57): fd(0) fileName(NULL)
	mode(NULL)	hot(0) cool(0) pos(0)
fid(56): fd(0) fileName(NULL)
	mode(NULL)	hot(0) cool(0) pos(0)
fid(55): fd(0) fileName(NULL)
	mode(NULL)	hot(0) cool(0) pos(0)
fid(54): fd(0) fileName(NULL)
	mode(NULL)	hot(0) cool(0) pos(0)
fid(53): fd(0) fileName(NULL)
	mode(NULL)	hot(0) cool(0) pos(0)
fid(52): fd(0) fileName(NULL)
	mode(NULL)	hot(0) cool(0) pos(0)
fid(51): fd(0) fileName(NULL)
	mode(NULL)	hot(0) cool(0) pos(0)
fid(50): fd(0) fileName(NULL)
	mode(NULL)	hot(0) cool(0) pos(0)
fid(49): fd(0) fileName(NULL)
	mode(NULL)	hot(0) cool(0) pos(0)
fid(48): fd(0) fileName(NULL)
	mode(NULL)	hot(0) cool(0) pos(0)
fid(47): fd(0) fileName(NULL)
	mode(NULL)	hot(0) cool(0) pos(0)
fid(46): fd(0) fileName(NULL)
	mode(NULL)	hot(0) cool(0) pos(0)
fid(45): fd(0) fileName(NULL)
	mode(NULL)	hot(0) cool(0) pos(0)
fid(44): fd(0) fileName(NULL)
	mode(NULL)	hot(0) cool(0) pos(0)
fid(43): fd(0) fileName(NULL)
	mode(NULL)	hot(0) cool(0) pos(0)
fid(42): fd(0) fileName(NULL)
	mode(NULL)	hot(0) cool(0) pos(0)
fid(41): fd(0) fileName(NULL)
	mode(NULL)	hot(0) cool(0) pos(0)
fid(40): fd(0) fileName(NULL)
	mode(NULL)	hot(0) cool(0) pos(0)
fid(39): fd(0) fileName(NULL)
	mode(NULL)	hot(0) cool(0) pos(0)
fid(38): fd(0) fileName(NULL)
	mode(NULL)	hot(0) cool(0) pos(0)
fid(37): fd(0) fileName(NULL)
	mode(NULL)	hot(0) cool(0) pos(0)
fid(36): fd(0) fileName(NULL)
	mode(NULL)	hot(0) cool(0) pos(0)
fid(35): fd(0) fileName(NULL)
	mode(NULL)	hot(0) cool(0) pos(0)
fid(34): fd(0) fileName(NULL)
	mode(NULL)	hot(0) cool(0) pos(0)
fid(33): fd(0) fileName(NULL)
	mode(NULL)	hot(0) cool(0) pos(0)
fid(32): fd(0) fileName(NULL)
	mode(NULL)	hot(0) cool(0) pos(0)
fid(31): fd(0) fileName(NULL)
	mode(NULL)	hot(0) cool(0) pos(0)
fid(30): fd(0) fileName(NULL)
	mode(NULL)	hot(0) cool(0) pos(0)
fid(29): fd(0) fileName(NULL)
	mode(NULL)	hot(0) cool(0) pos(0)
fid(28): fd(0) fileName(NULL)
	mode(NULL)	hot(0) cool(0) pos(0)
fid(27): fd(0) fileName(NULL)
	mode(NULL)	hot(0) cool(0) pos(0)
fid(26): fd(0) fileName(NULL)
	mode(NULL)	hot(0) cool(0) pos(0)
fid(25): fd(0) fileName(NULL)
	mode(NULL)	hot(0) cool(0) pos(0)
fid(24): fd(0) fileName(NULL)
	mode(NULL)	hot(0) cool(0) pos(0)
fid(23): fd(0) fileName(NULL)
	mode(NULL)	hot(0) cool(0) pos(0)
fid(22): fd(0) fileName(NULL)
	mode(NULL)	hot(0) cool(0) pos(0)
fid(21): fd(0) fileName(NULL)
	mode(NULL)	hot(0) cool(0) pos(0)
fid(20): fd(0) fileName(NULL)
	mode(NULL)	hot(0) cool(0) pos(0)
fid(19): fd(0) fileName(NULL)
	mode(NULL)	hot(0) cool(0) pos(0)
fid(18): fd(0) fileName(NULL)
	mode(NULL)	hot(0) cool(0) pos(0)
fid(17): fd(0) fileName(NULL)
	mode(NULL)	hot(0) cool(0) pos(0)
fid(16): fd(0) fileName(NULL)
	mode(NULL)	hot(0) cool(0) pos(0)
fid(15): fd(0) fileName(NULL)
	mode(NULL)	hot(0) cool(0) pos(0)
fid(14): fd(0) fileName(NULL)
	mode(NULL)	hot(0) cool(0) pos(0)
fid(13): fd(0) fileName(NULL)
	mode(NULL)	hot(0) cool(0) pos(0)
fid(12): fd(0) fileName(NULL)
	mode(NULL)	hot(0) cool(0) pos(0)
fid(11): fd(0) fileName(NULL)
	mode(NULL)	hot(0) cool(0) pos(0)
fid(10): fd(0) fileName(NULL)
	mode(NULL)	hot(0) cool(0) pos(0)
fid(9): fd(0) fileName(NULL)
	mode(NULL)	hot(0) cool(0) pos(0)
fid(8): fd(0) fileName(NULL)
	mode(NULL)	hot(0) cool(0) pos(0)
fid(7): fd(0) fileName(NULL)
	mode(NULL)	hot(0) cool(0) pos(0)
fid(6): fd(0) fileName(NULL)
	mode(NULL)	hot(0) cool(0) pos(0)
fid(5): fd(0) fileName(NULL)
	mode(NULL)	hot(0) cool(0) pos(0)
fid(4): fd(0) fileName(NULL)
	mode(NULL)	hot(0) cool(0) pos(0)
fid(3): fd(0) fileName(NULL)
	mode(NULL)	hot(0) cool(0) pos(0)
fid(2): fd(0) fileName(NULL)
	mode(NULL)	hot(0) cool(0) pos(0)
fid(1): fd(0) fileName(NULL)
	mode(NULL)	hot(0) cool(0) pos(0)
fid(0): fd(0) fileName(NULL)
	mode(NULL)	hot(0) cool(0) pos(0)
Swap system is reset at (Sat Nov 23 05:56:25 2024
)
version: (200506)

available memory: 64M bytes
used memory: 7M bytes [need 712K bytes if disable swap]

used block: 436 [memory(436) file(0)]
                 [ 8K(376) 64K(60) { total 7M bytes } ]
overhead: (9555) bytes for (436) blocks [Average: (21) bytes/block]

write  => 0(times) 0K(bytes) [0K bytes to file]
read   => 60(times) 2M(bytes) [449K bytes compressed data from file]
access => 9818507(times) 77633M(bytes)
          [hit ratio: 99.9994%]

time: write(0) read(0.001)  unit: second

swap file directory: (/home/saizhang/sv_test/cases/uvm_router_v1.0/vcs_sim/verdiLog)
used swap file number: (68)



swap file manager:
arrSize: (256)
idxCnt: (69)
closeHead: (65)
closeTail: (68)
openCnt: (1)
fid(68): fd(0) fileName(NULL)
	mode(rb)	hot(67) cool(0) pos(0)
fid(67): fd(0) fileName(NULL)
	mode(rb)	hot(65) cool(68) pos(0)
fid(66): fd(96) fileName(/home/saizhang/sv_test/cases/uvm_router_v1.0/vcs_sim/verdiLog/_swap_0001#8323328#3754)
	size(0) lastModTime(0) curModTime(1732370185)
	mode(w+b)	hot(67) cool(65) pos(0)
fid(65): fd(0) fileName(NULL)
	mode(rb)	hot(66) cool(67) pos(0)
fid(64): fd(0) fileName(NULL)
	mode(NULL)	hot(0) cool(0) pos(0)
fid(63): fd(0) fileName(NULL)
	mode(NULL)	hot(0) cool(0) pos(0)
fid(62): fd(0) fileName(NULL)
	mode(NULL)	hot(0) cool(0) pos(0)
fid(61): fd(0) fileName(NULL)
	mode(NULL)	hot(0) cool(0) pos(0)
fid(60): fd(0) fileName(NULL)
	mode(NULL)	hot(0) cool(0) pos(0)
fid(59): fd(0) fileName(NULL)
	mode(NULL)	hot(0) cool(0) pos(0)
fid(58): fd(0) fileName(NULL)
	mode(NULL)	hot(0) cool(0) pos(0)
fid(57): fd(0) fileName(NULL)
	mode(NULL)	hot(0) cool(0) pos(0)
fid(56): fd(0) fileName(NULL)
	mode(NULL)	hot(0) cool(0) pos(0)
fid(55): fd(0) fileName(NULL)
	mode(NULL)	hot(0) cool(0) pos(0)
fid(54): fd(0) fileName(NULL)
	mode(NULL)	hot(0) cool(0) pos(0)
fid(53): fd(0) fileName(NULL)
	mode(NULL)	hot(0) cool(0) pos(0)
fid(52): fd(0) fileName(NULL)
	mode(NULL)	hot(0) cool(0) pos(0)
fid(51): fd(0) fileName(NULL)
	mode(NULL)	hot(0) cool(0) pos(0)
fid(50): fd(0) fileName(NULL)
	mode(NULL)	hot(0) cool(0) pos(0)
fid(49): fd(0) fileName(NULL)
	mode(NULL)	hot(0) cool(0) pos(0)
fid(48): fd(0) fileName(NULL)
	mode(NULL)	hot(0) cool(0) pos(0)
fid(47): fd(0) fileName(NULL)
	mode(NULL)	hot(0) cool(0) pos(0)
fid(46): fd(0) fileName(NULL)
	mode(NULL)	hot(0) cool(0) pos(0)
fid(45): fd(0) fileName(NULL)
	mode(NULL)	hot(0) cool(0) pos(0)
fid(44): fd(0) fileName(NULL)
	mode(NULL)	hot(0) cool(0) pos(0)
fid(43): fd(0) fileName(NULL)
	mode(NULL)	hot(0) cool(0) pos(0)
fid(42): fd(0) fileName(NULL)
	mode(NULL)	hot(0) cool(0) pos(0)
fid(41): fd(0) fileName(NULL)
	mode(NULL)	hot(0) cool(0) pos(0)
fid(40): fd(0) fileName(NULL)
	mode(NULL)	hot(0) cool(0) pos(0)
fid(39): fd(0) fileName(NULL)
	mode(NULL)	hot(0) cool(0) pos(0)
fid(38): fd(0) fileName(NULL)
	mode(NULL)	hot(0) cool(0) pos(0)
fid(37): fd(0) fileName(NULL)
	mode(NULL)	hot(0) cool(0) pos(0)
fid(36): fd(0) fileName(NULL)
	mode(NULL)	hot(0) cool(0) pos(0)
fid(35): fd(0) fileName(NULL)
	mode(NULL)	hot(0) cool(0) pos(0)
fid(34): fd(0) fileName(NULL)
	mode(NULL)	hot(0) cool(0) pos(0)
fid(33): fd(0) fileName(NULL)
	mode(NULL)	hot(0) cool(0) pos(0)
fid(32): fd(0) fileName(NULL)
	mode(NULL)	hot(0) cool(0) pos(0)
fid(31): fd(0) fileName(NULL)
	mode(NULL)	hot(0) cool(0) pos(0)
fid(30): fd(0) fileName(NULL)
	mode(NULL)	hot(0) cool(0) pos(0)
fid(29): fd(0) fileName(NULL)
	mode(NULL)	hot(0) cool(0) pos(0)
fid(28): fd(0) fileName(NULL)
	mode(NULL)	hot(0) cool(0) pos(0)
fid(27): fd(0) fileName(NULL)
	mode(NULL)	hot(0) cool(0) pos(0)
fid(26): fd(0) fileName(NULL)
	mode(NULL)	hot(0) cool(0) pos(0)
fid(25): fd(0) fileName(NULL)
	mode(NULL)	hot(0) cool(0) pos(0)
fid(24): fd(0) fileName(NULL)
	mode(NULL)	hot(0) cool(0) pos(0)
fid(23): fd(0) fileName(NULL)
	mode(NULL)	hot(0) cool(0) pos(0)
fid(22): fd(0) fileName(NULL)
	mode(NULL)	hot(0) cool(0) pos(0)
fid(21): fd(0) fileName(NULL)
	mode(NULL)	hot(0) cool(0) pos(0)
fid(20): fd(0) fileName(NULL)
	mode(NULL)	hot(0) cool(0) pos(0)
fid(19): fd(0) fileName(NULL)
	mode(NULL)	hot(0) cool(0) pos(0)
fid(18): fd(0) fileName(NULL)
	mode(NULL)	hot(0) cool(0) pos(0)
fid(17): fd(0) fileName(NULL)
	mode(NULL)	hot(0) cool(0) pos(0)
fid(16): fd(0) fileName(NULL)
	mode(NULL)	hot(0) cool(0) pos(0)
fid(15): fd(0) fileName(NULL)
	mode(NULL)	hot(0) cool(0) pos(0)
fid(14): fd(0) fileName(NULL)
	mode(NULL)	hot(0) cool(0) pos(0)
fid(13): fd(0) fileName(NULL)
	mode(NULL)	hot(0) cool(0) pos(0)
fid(12): fd(0) fileName(NULL)
	mode(NULL)	hot(0) cool(0) pos(0)
fid(11): fd(0) fileName(NULL)
	mode(NULL)	hot(0) cool(0) pos(0)
fid(10): fd(0) fileName(NULL)
	mode(NULL)	hot(0) cool(0) pos(0)
fid(9): fd(0) fileName(NULL)
	mode(NULL)	hot(0) cool(0) pos(0)
fid(8): fd(0) fileName(NULL)
	mode(NULL)	hot(0) cool(0) pos(0)
fid(7): fd(0) fileName(NULL)
	mode(NULL)	hot(0) cool(0) pos(0)
fid(6): fd(0) fileName(NULL)
	mode(NULL)	hot(0) cool(0) pos(0)
fid(5): fd(0) fileName(NULL)
	mode(NULL)	hot(0) cool(0) pos(0)
fid(4): fd(0) fileName(NULL)
	mode(NULL)	hot(0) cool(0) pos(0)
fid(3): fd(0) fileName(NULL)
	mode(NULL)	hot(0) cool(0) pos(0)
fid(2): fd(0) fileName(NULL)
	mode(NULL)	hot(0) cool(0) pos(0)
fid(1): fd(0) fileName(NULL)
	mode(NULL)	hot(0) cool(0) pos(0)
fid(0): fd(0) fileName(NULL)
	mode(NULL)	hot(0) cool(0) pos(0)
Swap system is reset at (Sat Nov 23 06:14:27 2024
)
version: (200506)

available memory: 64M bytes
used memory: 8M bytes [need 712K bytes if disable swap]

used block: 459 [memory(459) file(0)]
                 [ 8K(395) 64K(64) { total 8M bytes } ]
overhead: (9555) bytes for (459) blocks [Average: (20) bytes/block]

write  => 0(times) 0K(bytes) [0K bytes to file]
read   => 64(times) 2M(bytes) [481K bytes compressed data from file]
access => 9926659(times) 78534M(bytes)
          [hit ratio: 99.9994%]

time: write(0) read(0.001)  unit: second

swap file directory: (/home/saizhang/sv_test/cases/uvm_router_v1.0/vcs_sim/verdiLog)
used swap file number: (72)



swap file manager:
arrSize: (256)
idxCnt: (73)
closeHead: (69)
closeTail: (72)
openCnt: (1)
fid(72): fd(0) fileName(NULL)
	mode(rb)	hot(71) cool(0) pos(0)
fid(71): fd(0) fileName(NULL)
	mode(rb)	hot(69) cool(72) pos(0)
fid(70): fd(96) fileName(/home/saizhang/sv_test/cases/uvm_router_v1.0/vcs_sim/verdiLog/_swap_0001#8323328#3754)
	size(0) lastModTime(0) curModTime(1732371267)
	mode(w+b)	hot(71) cool(69) pos(0)
fid(69): fd(0) fileName(NULL)
	mode(rb)	hot(70) cool(71) pos(0)
fid(68): fd(0) fileName(NULL)
	mode(NULL)	hot(0) cool(0) pos(0)
fid(67): fd(0) fileName(NULL)
	mode(NULL)	hot(0) cool(0) pos(0)
fid(66): fd(0) fileName(NULL)
	mode(NULL)	hot(0) cool(0) pos(0)
fid(65): fd(0) fileName(NULL)
	mode(NULL)	hot(0) cool(0) pos(0)
fid(64): fd(0) fileName(NULL)
	mode(NULL)	hot(0) cool(0) pos(0)
fid(63): fd(0) fileName(NULL)
	mode(NULL)	hot(0) cool(0) pos(0)
fid(62): fd(0) fileName(NULL)
	mode(NULL)	hot(0) cool(0) pos(0)
fid(61): fd(0) fileName(NULL)
	mode(NULL)	hot(0) cool(0) pos(0)
fid(60): fd(0) fileName(NULL)
	mode(NULL)	hot(0) cool(0) pos(0)
fid(59): fd(0) fileName(NULL)
	mode(NULL)	hot(0) cool(0) pos(0)
fid(58): fd(0) fileName(NULL)
	mode(NULL)	hot(0) cool(0) pos(0)
fid(57): fd(0) fileName(NULL)
	mode(NULL)	hot(0) cool(0) pos(0)
fid(56): fd(0) fileName(NULL)
	mode(NULL)	hot(0) cool(0) pos(0)
fid(55): fd(0) fileName(NULL)
	mode(NULL)	hot(0) cool(0) pos(0)
fid(54): fd(0) fileName(NULL)
	mode(NULL)	hot(0) cool(0) pos(0)
fid(53): fd(0) fileName(NULL)
	mode(NULL)	hot(0) cool(0) pos(0)
fid(52): fd(0) fileName(NULL)
	mode(NULL)	hot(0) cool(0) pos(0)
fid(51): fd(0) fileName(NULL)
	mode(NULL)	hot(0) cool(0) pos(0)
fid(50): fd(0) fileName(NULL)
	mode(NULL)	hot(0) cool(0) pos(0)
fid(49): fd(0) fileName(NULL)
	mode(NULL)	hot(0) cool(0) pos(0)
fid(48): fd(0) fileName(NULL)
	mode(NULL)	hot(0) cool(0) pos(0)
fid(47): fd(0) fileName(NULL)
	mode(NULL)	hot(0) cool(0) pos(0)
fid(46): fd(0) fileName(NULL)
	mode(NULL)	hot(0) cool(0) pos(0)
fid(45): fd(0) fileName(NULL)
	mode(NULL)	hot(0) cool(0) pos(0)
fid(44): fd(0) fileName(NULL)
	mode(NULL)	hot(0) cool(0) pos(0)
fid(43): fd(0) fileName(NULL)
	mode(NULL)	hot(0) cool(0) pos(0)
fid(42): fd(0) fileName(NULL)
	mode(NULL)	hot(0) cool(0) pos(0)
fid(41): fd(0) fileName(NULL)
	mode(NULL)	hot(0) cool(0) pos(0)
fid(40): fd(0) fileName(NULL)
	mode(NULL)	hot(0) cool(0) pos(0)
fid(39): fd(0) fileName(NULL)
	mode(NULL)	hot(0) cool(0) pos(0)
fid(38): fd(0) fileName(NULL)
	mode(NULL)	hot(0) cool(0) pos(0)
fid(37): fd(0) fileName(NULL)
	mode(NULL)	hot(0) cool(0) pos(0)
fid(36): fd(0) fileName(NULL)
	mode(NULL)	hot(0) cool(0) pos(0)
fid(35): fd(0) fileName(NULL)
	mode(NULL)	hot(0) cool(0) pos(0)
fid(34): fd(0) fileName(NULL)
	mode(NULL)	hot(0) cool(0) pos(0)
fid(33): fd(0) fileName(NULL)
	mode(NULL)	hot(0) cool(0) pos(0)
fid(32): fd(0) fileName(NULL)
	mode(NULL)	hot(0) cool(0) pos(0)
fid(31): fd(0) fileName(NULL)
	mode(NULL)	hot(0) cool(0) pos(0)
fid(30): fd(0) fileName(NULL)
	mode(NULL)	hot(0) cool(0) pos(0)
fid(29): fd(0) fileName(NULL)
	mode(NULL)	hot(0) cool(0) pos(0)
fid(28): fd(0) fileName(NULL)
	mode(NULL)	hot(0) cool(0) pos(0)
fid(27): fd(0) fileName(NULL)
	mode(NULL)	hot(0) cool(0) pos(0)
fid(26): fd(0) fileName(NULL)
	mode(NULL)	hot(0) cool(0) pos(0)
fid(25): fd(0) fileName(NULL)
	mode(NULL)	hot(0) cool(0) pos(0)
fid(24): fd(0) fileName(NULL)
	mode(NULL)	hot(0) cool(0) pos(0)
fid(23): fd(0) fileName(NULL)
	mode(NULL)	hot(0) cool(0) pos(0)
fid(22): fd(0) fileName(NULL)
	mode(NULL)	hot(0) cool(0) pos(0)
fid(21): fd(0) fileName(NULL)
	mode(NULL)	hot(0) cool(0) pos(0)
fid(20): fd(0) fileName(NULL)
	mode(NULL)	hot(0) cool(0) pos(0)
fid(19): fd(0) fileName(NULL)
	mode(NULL)	hot(0) cool(0) pos(0)
fid(18): fd(0) fileName(NULL)
	mode(NULL)	hot(0) cool(0) pos(0)
fid(17): fd(0) fileName(NULL)
	mode(NULL)	hot(0) cool(0) pos(0)
fid(16): fd(0) fileName(NULL)
	mode(NULL)	hot(0) cool(0) pos(0)
fid(15): fd(0) fileName(NULL)
	mode(NULL)	hot(0) cool(0) pos(0)
fid(14): fd(0) fileName(NULL)
	mode(NULL)	hot(0) cool(0) pos(0)
fid(13): fd(0) fileName(NULL)
	mode(NULL)	hot(0) cool(0) pos(0)
fid(12): fd(0) fileName(NULL)
	mode(NULL)	hot(0) cool(0) pos(0)
fid(11): fd(0) fileName(NULL)
	mode(NULL)	hot(0) cool(0) pos(0)
fid(10): fd(0) fileName(NULL)
	mode(NULL)	hot(0) cool(0) pos(0)
fid(9): fd(0) fileName(NULL)
	mode(NULL)	hot(0) cool(0) pos(0)
fid(8): fd(0) fileName(NULL)
	mode(NULL)	hot(0) cool(0) pos(0)
fid(7): fd(0) fileName(NULL)
	mode(NULL)	hot(0) cool(0) pos(0)
fid(6): fd(0) fileName(NULL)
	mode(NULL)	hot(0) cool(0) pos(0)
fid(5): fd(0) fileName(NULL)
	mode(NULL)	hot(0) cool(0) pos(0)
fid(4): fd(0) fileName(NULL)
	mode(NULL)	hot(0) cool(0) pos(0)
fid(3): fd(0) fileName(NULL)
	mode(NULL)	hot(0) cool(0) pos(0)
fid(2): fd(0) fileName(NULL)
	mode(NULL)	hot(0) cool(0) pos(0)
fid(1): fd(0) fileName(NULL)
	mode(NULL)	hot(0) cool(0) pos(0)
fid(0): fd(0) fileName(NULL)
	mode(NULL)	hot(0) cool(0) pos(0)
Swap system is reset at (Sat Nov 23 22:16:27 2024
)
version: (200506)

available memory: 64M bytes
used memory: 10M bytes [need 3M bytes if disable swap]

used block: 590 [memory(590) file(0)]
                 [ 8K(508) 64K(82) { total 10M bytes } ]
overhead: (22816) bytes for (590) blocks [Average: (38) bytes/block]

write  => 0(times) 0K(bytes) [0K bytes to file]
read   => 82(times) 3M(bytes) [627K bytes compressed data from file]
access => 12730293(times) 100698M(bytes)
          [hit ratio: 99.9994%]

time: write(0) read(0.001)  unit: second

swap file directory: (/home/saizhang/sv_test/cases/uvm_router_v1.0/vcs_sim/verdiLog)
used swap file number: (86)



swap file manager:
arrSize: (256)
idxCnt: (87)
closeHead: (76)
closeTail: (74)
openCnt: (1)
fid(86): fd(0) fileName(NULL)
	mode(rb)	hot(85) cool(0) pos(0)
fid(85): fd(0) fileName(NULL)
	mode(rb)	hot(84) cool(86) pos(0)
fid(84): fd(0) fileName(NULL)
	mode(rb)	hot(83) cool(85) pos(0)
fid(83): fd(0) fileName(NULL)
	mode(rb)	hot(82) cool(84) pos(0)
fid(82): fd(0) fileName(NULL)
	mode(rb)	hot(81) cool(83) pos(0)
fid(81): fd(0) fileName(NULL)
	mode(rb)	hot(80) cool(82) pos(0)
fid(80): fd(0) fileName(NULL)
	mode(rb)	hot(79) cool(81) pos(0)
fid(79): fd(0) fileName(NULL)
	mode(rb)	hot(78) cool(80) pos(0)
fid(78): fd(0) fileName(NULL)
	mode(rb)	hot(77) cool(79) pos(0)
fid(77): fd(0) fileName(NULL)
	mode(rb)	hot(76) cool(78) pos(0)
fid(76): fd(0) fileName(NULL)
	mode(rb)	hot(75) cool(77) pos(0)
fid(75): fd(0) fileName(NULL)
	mode(rb)	hot(73) cool(76) pos(2223)
fid(74): fd(100) fileName(/home/saizhang/sv_test/cases/uvm_router_v1.0/vcs_sim/verdiLog/_swap_0001#8323328#3754)
	size(0) lastModTime(0) curModTime(1732428987)
	mode(r+b)	hot(75) cool(86) pos(0)
fid(73): fd(0) fileName(NULL)
	mode(rb)	hot(75) cool(75) pos(19016)
fid(72): fd(0) fileName(NULL)
	mode(NULL)	hot(0) cool(0) pos(0)
fid(71): fd(0) fileName(NULL)
	mode(NULL)	hot(0) cool(0) pos(0)
fid(70): fd(0) fileName(NULL)
	mode(NULL)	hot(0) cool(0) pos(0)
fid(69): fd(0) fileName(NULL)
	mode(NULL)	hot(0) cool(0) pos(0)
fid(68): fd(0) fileName(NULL)
	mode(NULL)	hot(0) cool(0) pos(0)
fid(67): fd(0) fileName(NULL)
	mode(NULL)	hot(0) cool(0) pos(0)
fid(66): fd(0) fileName(NULL)
	mode(NULL)	hot(0) cool(0) pos(0)
fid(65): fd(0) fileName(NULL)
	mode(NULL)	hot(0) cool(0) pos(0)
fid(64): fd(0) fileName(NULL)
	mode(NULL)	hot(0) cool(0) pos(0)
fid(63): fd(0) fileName(NULL)
	mode(NULL)	hot(0) cool(0) pos(0)
fid(62): fd(0) fileName(NULL)
	mode(NULL)	hot(0) cool(0) pos(0)
fid(61): fd(0) fileName(NULL)
	mode(NULL)	hot(0) cool(0) pos(0)
fid(60): fd(0) fileName(NULL)
	mode(NULL)	hot(0) cool(0) pos(0)
fid(59): fd(0) fileName(NULL)
	mode(NULL)	hot(0) cool(0) pos(0)
fid(58): fd(0) fileName(NULL)
	mode(NULL)	hot(0) cool(0) pos(0)
fid(57): fd(0) fileName(NULL)
	mode(NULL)	hot(0) cool(0) pos(0)
fid(56): fd(0) fileName(NULL)
	mode(NULL)	hot(0) cool(0) pos(0)
fid(55): fd(0) fileName(NULL)
	mode(NULL)	hot(0) cool(0) pos(0)
fid(54): fd(0) fileName(NULL)
	mode(NULL)	hot(0) cool(0) pos(0)
fid(53): fd(0) fileName(NULL)
	mode(NULL)	hot(0) cool(0) pos(0)
fid(52): fd(0) fileName(NULL)
	mode(NULL)	hot(0) cool(0) pos(0)
fid(51): fd(0) fileName(NULL)
	mode(NULL)	hot(0) cool(0) pos(0)
fid(50): fd(0) fileName(NULL)
	mode(NULL)	hot(0) cool(0) pos(0)
fid(49): fd(0) fileName(NULL)
	mode(NULL)	hot(0) cool(0) pos(0)
fid(48): fd(0) fileName(NULL)
	mode(NULL)	hot(0) cool(0) pos(0)
fid(47): fd(0) fileName(NULL)
	mode(NULL)	hot(0) cool(0) pos(0)
fid(46): fd(0) fileName(NULL)
	mode(NULL)	hot(0) cool(0) pos(0)
fid(45): fd(0) fileName(NULL)
	mode(NULL)	hot(0) cool(0) pos(0)
fid(44): fd(0) fileName(NULL)
	mode(NULL)	hot(0) cool(0) pos(0)
fid(43): fd(0) fileName(NULL)
	mode(NULL)	hot(0) cool(0) pos(0)
fid(42): fd(0) fileName(NULL)
	mode(NULL)	hot(0) cool(0) pos(0)
fid(41): fd(0) fileName(NULL)
	mode(NULL)	hot(0) cool(0) pos(0)
fid(40): fd(0) fileName(NULL)
	mode(NULL)	hot(0) cool(0) pos(0)
fid(39): fd(0) fileName(NULL)
	mode(NULL)	hot(0) cool(0) pos(0)
fid(38): fd(0) fileName(NULL)
	mode(NULL)	hot(0) cool(0) pos(0)
fid(37): fd(0) fileName(NULL)
	mode(NULL)	hot(0) cool(0) pos(0)
fid(36): fd(0) fileName(NULL)
	mode(NULL)	hot(0) cool(0) pos(0)
fid(35): fd(0) fileName(NULL)
	mode(NULL)	hot(0) cool(0) pos(0)
fid(34): fd(0) fileName(NULL)
	mode(NULL)	hot(0) cool(0) pos(0)
fid(33): fd(0) fileName(NULL)
	mode(NULL)	hot(0) cool(0) pos(0)
fid(32): fd(0) fileName(NULL)
	mode(NULL)	hot(0) cool(0) pos(0)
fid(31): fd(0) fileName(NULL)
	mode(NULL)	hot(0) cool(0) pos(0)
fid(30): fd(0) fileName(NULL)
	mode(NULL)	hot(0) cool(0) pos(0)
fid(29): fd(0) fileName(NULL)
	mode(NULL)	hot(0) cool(0) pos(0)
fid(28): fd(0) fileName(NULL)
	mode(NULL)	hot(0) cool(0) pos(0)
fid(27): fd(0) fileName(NULL)
	mode(NULL)	hot(0) cool(0) pos(0)
fid(26): fd(0) fileName(NULL)
	mode(NULL)	hot(0) cool(0) pos(0)
fid(25): fd(0) fileName(NULL)
	mode(NULL)	hot(0) cool(0) pos(0)
fid(24): fd(0) fileName(NULL)
	mode(NULL)	hot(0) cool(0) pos(0)
fid(23): fd(0) fileName(NULL)
	mode(NULL)	hot(0) cool(0) pos(0)
fid(22): fd(0) fileName(NULL)
	mode(NULL)	hot(0) cool(0) pos(0)
fid(21): fd(0) fileName(NULL)
	mode(NULL)	hot(0) cool(0) pos(0)
fid(20): fd(0) fileName(NULL)
	mode(NULL)	hot(0) cool(0) pos(0)
fid(19): fd(0) fileName(NULL)
	mode(NULL)	hot(0) cool(0) pos(0)
fid(18): fd(0) fileName(NULL)
	mode(NULL)	hot(0) cool(0) pos(0)
fid(17): fd(0) fileName(NULL)
	mode(NULL)	hot(0) cool(0) pos(0)
fid(16): fd(0) fileName(NULL)
	mode(NULL)	hot(0) cool(0) pos(0)
fid(15): fd(0) fileName(NULL)
	mode(NULL)	hot(0) cool(0) pos(0)
fid(14): fd(0) fileName(NULL)
	mode(NULL)	hot(0) cool(0) pos(0)
fid(13): fd(0) fileName(NULL)
	mode(NULL)	hot(0) cool(0) pos(0)
fid(12): fd(0) fileName(NULL)
	mode(NULL)	hot(0) cool(0) pos(0)
fid(11): fd(0) fileName(NULL)
	mode(NULL)	hot(0) cool(0) pos(0)
fid(10): fd(0) fileName(NULL)
	mode(NULL)	hot(0) cool(0) pos(0)
fid(9): fd(0) fileName(NULL)
	mode(NULL)	hot(0) cool(0) pos(0)
fid(8): fd(0) fileName(NULL)
	mode(NULL)	hot(0) cool(0) pos(0)
fid(7): fd(0) fileName(NULL)
	mode(NULL)	hot(0) cool(0) pos(0)
fid(6): fd(0) fileName(NULL)
	mode(NULL)	hot(0) cool(0) pos(0)
fid(5): fd(0) fileName(NULL)
	mode(NULL)	hot(0) cool(0) pos(0)
fid(4): fd(0) fileName(NULL)
	mode(NULL)	hot(0) cool(0) pos(0)
fid(3): fd(0) fileName(NULL)
	mode(NULL)	hot(0) cool(0) pos(0)
fid(2): fd(0) fileName(NULL)
	mode(NULL)	hot(0) cool(0) pos(0)
fid(1): fd(0) fileName(NULL)
	mode(NULL)	hot(0) cool(0) pos(0)
fid(0): fd(0) fileName(NULL)
	mode(NULL)	hot(0) cool(0) pos(0)
Swap system is reset at (Sat Nov 23 22:26:25 2024
)
version: (200506)

available memory: 64M bytes
used memory: 10M bytes [need 3M bytes if disable swap]

used block: 638 [memory(638) file(0)]
                 [ 8K(547) 64K(91) { total 10M bytes } ]
overhead: (22816) bytes for (638) blocks [Average: (35) bytes/block]

write  => 0(times) 0K(bytes) [0K bytes to file]
read   => 91(times) 3M(bytes) [680K bytes compressed data from file]
access => 13543882(times) 107144M(bytes)
          [hit ratio: 99.9993%]

time: write(0) read(0.001)  unit: second

swap file directory: (/home/saizhang/sv_test/cases/uvm_router_v1.0/vcs_sim/verdiLog)
used swap file number: (97)



swap file manager:
arrSize: (256)
idxCnt: (98)
closeHead: (87)
closeTail: (97)
openCnt: (1)
fid(97): fd(0) fileName(NULL)
	mode(rb)	hot(96) cool(0) pos(0)
fid(96): fd(0) fileName(NULL)
	mode(rb)	hot(95) cool(97) pos(0)
fid(95): fd(0) fileName(NULL)
	mode(rb)	hot(94) cool(96) pos(0)
fid(94): fd(0) fileName(NULL)
	mode(rb)	hot(93) cool(95) pos(0)
fid(93): fd(0) fileName(NULL)
	mode(rb)	hot(92) cool(94) pos(0)
fid(92): fd(0) fileName(NULL)
	mode(rb)	hot(91) cool(93) pos(0)
fid(91): fd(0) fileName(NULL)
	mode(rb)	hot(90) cool(92) pos(0)
fid(90): fd(0) fileName(NULL)
	mode(rb)	hot(89) cool(91) pos(0)
fid(89): fd(0) fileName(NULL)
	mode(rb)	hot(87) cool(90) pos(0)
fid(88): fd(139) fileName(/home/saizhang/sv_test/cases/uvm_router_v1.0/vcs_sim/verdiLog/_swap_0001#8323328#3754)
	size(0) lastModTime(0) curModTime(1732429585)
	mode(w+b)	hot(90) cool(87) pos(0)
fid(87): fd(0) fileName(NULL)
	mode(rb)	hot(88) cool(89) pos(0)
fid(86): fd(0) fileName(NULL)
	mode(NULL)	hot(0) cool(0) pos(0)
fid(85): fd(0) fileName(NULL)
	mode(NULL)	hot(0) cool(0) pos(0)
fid(84): fd(0) fileName(NULL)
	mode(NULL)	hot(0) cool(0) pos(0)
fid(83): fd(0) fileName(NULL)
	mode(NULL)	hot(0) cool(0) pos(0)
fid(82): fd(0) fileName(NULL)
	mode(NULL)	hot(0) cool(0) pos(0)
fid(81): fd(0) fileName(NULL)
	mode(NULL)	hot(0) cool(0) pos(0)
fid(80): fd(0) fileName(NULL)
	mode(NULL)	hot(0) cool(0) pos(0)
fid(79): fd(0) fileName(NULL)
	mode(NULL)	hot(0) cool(0) pos(0)
fid(78): fd(0) fileName(NULL)
	mode(NULL)	hot(0) cool(0) pos(0)
fid(77): fd(0) fileName(NULL)
	mode(NULL)	hot(0) cool(0) pos(0)
fid(76): fd(0) fileName(NULL)
	mode(NULL)	hot(0) cool(0) pos(0)
fid(75): fd(0) fileName(NULL)
	mode(NULL)	hot(0) cool(0) pos(0)
fid(74): fd(0) fileName(NULL)
	mode(NULL)	hot(0) cool(0) pos(0)
fid(73): fd(0) fileName(NULL)
	mode(NULL)	hot(0) cool(0) pos(0)
fid(72): fd(0) fileName(NULL)
	mode(NULL)	hot(0) cool(0) pos(0)
fid(71): fd(0) fileName(NULL)
	mode(NULL)	hot(0) cool(0) pos(0)
fid(70): fd(0) fileName(NULL)
	mode(NULL)	hot(0) cool(0) pos(0)
fid(69): fd(0) fileName(NULL)
	mode(NULL)	hot(0) cool(0) pos(0)
fid(68): fd(0) fileName(NULL)
	mode(NULL)	hot(0) cool(0) pos(0)
fid(67): fd(0) fileName(NULL)
	mode(NULL)	hot(0) cool(0) pos(0)
fid(66): fd(0) fileName(NULL)
	mode(NULL)	hot(0) cool(0) pos(0)
fid(65): fd(0) fileName(NULL)
	mode(NULL)	hot(0) cool(0) pos(0)
fid(64): fd(0) fileName(NULL)
	mode(NULL)	hot(0) cool(0) pos(0)
fid(63): fd(0) fileName(NULL)
	mode(NULL)	hot(0) cool(0) pos(0)
fid(62): fd(0) fileName(NULL)
	mode(NULL)	hot(0) cool(0) pos(0)
fid(61): fd(0) fileName(NULL)
	mode(NULL)	hot(0) cool(0) pos(0)
fid(60): fd(0) fileName(NULL)
	mode(NULL)	hot(0) cool(0) pos(0)
fid(59): fd(0) fileName(NULL)
	mode(NULL)	hot(0) cool(0) pos(0)
fid(58): fd(0) fileName(NULL)
	mode(NULL)	hot(0) cool(0) pos(0)
fid(57): fd(0) fileName(NULL)
	mode(NULL)	hot(0) cool(0) pos(0)
fid(56): fd(0) fileName(NULL)
	mode(NULL)	hot(0) cool(0) pos(0)
fid(55): fd(0) fileName(NULL)
	mode(NULL)	hot(0) cool(0) pos(0)
fid(54): fd(0) fileName(NULL)
	mode(NULL)	hot(0) cool(0) pos(0)
fid(53): fd(0) fileName(NULL)
	mode(NULL)	hot(0) cool(0) pos(0)
fid(52): fd(0) fileName(NULL)
	mode(NULL)	hot(0) cool(0) pos(0)
fid(51): fd(0) fileName(NULL)
	mode(NULL)	hot(0) cool(0) pos(0)
fid(50): fd(0) fileName(NULL)
	mode(NULL)	hot(0) cool(0) pos(0)
fid(49): fd(0) fileName(NULL)
	mode(NULL)	hot(0) cool(0) pos(0)
fid(48): fd(0) fileName(NULL)
	mode(NULL)	hot(0) cool(0) pos(0)
fid(47): fd(0) fileName(NULL)
	mode(NULL)	hot(0) cool(0) pos(0)
fid(46): fd(0) fileName(NULL)
	mode(NULL)	hot(0) cool(0) pos(0)
fid(45): fd(0) fileName(NULL)
	mode(NULL)	hot(0) cool(0) pos(0)
fid(44): fd(0) fileName(NULL)
	mode(NULL)	hot(0) cool(0) pos(0)
fid(43): fd(0) fileName(NULL)
	mode(NULL)	hot(0) cool(0) pos(0)
fid(42): fd(0) fileName(NULL)
	mode(NULL)	hot(0) cool(0) pos(0)
fid(41): fd(0) fileName(NULL)
	mode(NULL)	hot(0) cool(0) pos(0)
fid(40): fd(0) fileName(NULL)
	mode(NULL)	hot(0) cool(0) pos(0)
fid(39): fd(0) fileName(NULL)
	mode(NULL)	hot(0) cool(0) pos(0)
fid(38): fd(0) fileName(NULL)
	mode(NULL)	hot(0) cool(0) pos(0)
fid(37): fd(0) fileName(NULL)
	mode(NULL)	hot(0) cool(0) pos(0)
fid(36): fd(0) fileName(NULL)
	mode(NULL)	hot(0) cool(0) pos(0)
fid(35): fd(0) fileName(NULL)
	mode(NULL)	hot(0) cool(0) pos(0)
fid(34): fd(0) fileName(NULL)
	mode(NULL)	hot(0) cool(0) pos(0)
fid(33): fd(0) fileName(NULL)
	mode(NULL)	hot(0) cool(0) pos(0)
fid(32): fd(0) fileName(NULL)
	mode(NULL)	hot(0) cool(0) pos(0)
fid(31): fd(0) fileName(NULL)
	mode(NULL)	hot(0) cool(0) pos(0)
fid(30): fd(0) fileName(NULL)
	mode(NULL)	hot(0) cool(0) pos(0)
fid(29): fd(0) fileName(NULL)
	mode(NULL)	hot(0) cool(0) pos(0)
fid(28): fd(0) fileName(NULL)
	mode(NULL)	hot(0) cool(0) pos(0)
fid(27): fd(0) fileName(NULL)
	mode(NULL)	hot(0) cool(0) pos(0)
fid(26): fd(0) fileName(NULL)
	mode(NULL)	hot(0) cool(0) pos(0)
fid(25): fd(0) fileName(NULL)
	mode(NULL)	hot(0) cool(0) pos(0)
fid(24): fd(0) fileName(NULL)
	mode(NULL)	hot(0) cool(0) pos(0)
fid(23): fd(0) fileName(NULL)
	mode(NULL)	hot(0) cool(0) pos(0)
fid(22): fd(0) fileName(NULL)
	mode(NULL)	hot(0) cool(0) pos(0)
fid(21): fd(0) fileName(NULL)
	mode(NULL)	hot(0) cool(0) pos(0)
fid(20): fd(0) fileName(NULL)
	mode(NULL)	hot(0) cool(0) pos(0)
fid(19): fd(0) fileName(NULL)
	mode(NULL)	hot(0) cool(0) pos(0)
fid(18): fd(0) fileName(NULL)
	mode(NULL)	hot(0) cool(0) pos(0)
fid(17): fd(0) fileName(NULL)
	mode(NULL)	hot(0) cool(0) pos(0)
fid(16): fd(0) fileName(NULL)
	mode(NULL)	hot(0) cool(0) pos(0)
fid(15): fd(0) fileName(NULL)
	mode(NULL)	hot(0) cool(0) pos(0)
fid(14): fd(0) fileName(NULL)
	mode(NULL)	hot(0) cool(0) pos(0)
fid(13): fd(0) fileName(NULL)
	mode(NULL)	hot(0) cool(0) pos(0)
fid(12): fd(0) fileName(NULL)
	mode(NULL)	hot(0) cool(0) pos(0)
fid(11): fd(0) fileName(NULL)
	mode(NULL)	hot(0) cool(0) pos(0)
fid(10): fd(0) fileName(NULL)
	mode(NULL)	hot(0) cool(0) pos(0)
fid(9): fd(0) fileName(NULL)
	mode(NULL)	hot(0) cool(0) pos(0)
fid(8): fd(0) fileName(NULL)
	mode(NULL)	hot(0) cool(0) pos(0)
fid(7): fd(0) fileName(NULL)
	mode(NULL)	hot(0) cool(0) pos(0)
fid(6): fd(0) fileName(NULL)
	mode(NULL)	hot(0) cool(0) pos(0)
fid(5): fd(0) fileName(NULL)
	mode(NULL)	hot(0) cool(0) pos(0)
fid(4): fd(0) fileName(NULL)
	mode(NULL)	hot(0) cool(0) pos(0)
fid(3): fd(0) fileName(NULL)
	mode(NULL)	hot(0) cool(0) pos(0)
fid(2): fd(0) fileName(NULL)
	mode(NULL)	hot(0) cool(0) pos(0)
fid(1): fd(0) fileName(NULL)
	mode(NULL)	hot(0) cool(0) pos(0)
fid(0): fd(0) fileName(NULL)
	mode(NULL)	hot(0) cool(0) pos(0)
Swap system is reset at (Sat Nov 23 22:31:57 2024
)
version: (200506)

available memory: 64M bytes
used memory: 11M bytes [need 3M bytes if disable swap]

used block: 655 [memory(655) file(0)]
                 [ 8K(559) 64K(96) { total 11M bytes } ]
overhead: (22816) bytes for (655) blocks [Average: (34) bytes/block]

write  => 0(times) 0K(bytes) [0K bytes to file]
read   => 96(times) 3M(bytes) [705K bytes compressed data from file]
access => 14370713(times) 113630M(bytes)
          [hit ratio: 99.9993%]

time: write(0) read(0.001)  unit: second

swap file directory: (/home/saizhang/sv_test/cases/uvm_router_v1.0/vcs_sim/verdiLog)
used swap file number: (103)



swap file manager:
arrSize: (256)
idxCnt: (104)
closeHead: (98)
closeTail: (103)
openCnt: (1)
fid(103): fd(0) fileName(NULL)
	mode(rb)	hot(102) cool(0) pos(0)
fid(102): fd(0) fileName(NULL)
	mode(rb)	hot(101) cool(103) pos(0)
fid(101): fd(0) fileName(NULL)
	mode(rb)	hot(100) cool(102) pos(0)
fid(100): fd(0) fileName(NULL)
	mode(rb)	hot(98) cool(101) pos(0)
fid(99): fd(152) fileName(/home/saizhang/sv_test/cases/uvm_router_v1.0/vcs_sim/verdiLog/_swap_0001#8323328#3754)
	size(0) lastModTime(0) curModTime(1732429917)
	mode(w+b)	hot(100) cool(98) pos(0)
fid(98): fd(0) fileName(NULL)
	mode(rb)	hot(99) cool(100) pos(0)
fid(97): fd(0) fileName(NULL)
	mode(NULL)	hot(0) cool(0) pos(0)
fid(96): fd(0) fileName(NULL)
	mode(NULL)	hot(0) cool(0) pos(0)
fid(95): fd(0) fileName(NULL)
	mode(NULL)	hot(0) cool(0) pos(0)
fid(94): fd(0) fileName(NULL)
	mode(NULL)	hot(0) cool(0) pos(0)
fid(93): fd(0) fileName(NULL)
	mode(NULL)	hot(0) cool(0) pos(0)
fid(92): fd(0) fileName(NULL)
	mode(NULL)	hot(0) cool(0) pos(0)
fid(91): fd(0) fileName(NULL)
	mode(NULL)	hot(0) cool(0) pos(0)
fid(90): fd(0) fileName(NULL)
	mode(NULL)	hot(0) cool(0) pos(0)
fid(89): fd(0) fileName(NULL)
	mode(NULL)	hot(0) cool(0) pos(0)
fid(88): fd(0) fileName(NULL)
	mode(NULL)	hot(0) cool(0) pos(0)
fid(87): fd(0) fileName(NULL)
	mode(NULL)	hot(0) cool(0) pos(0)
fid(86): fd(0) fileName(NULL)
	mode(NULL)	hot(0) cool(0) pos(0)
fid(85): fd(0) fileName(NULL)
	mode(NULL)	hot(0) cool(0) pos(0)
fid(84): fd(0) fileName(NULL)
	mode(NULL)	hot(0) cool(0) pos(0)
fid(83): fd(0) fileName(NULL)
	mode(NULL)	hot(0) cool(0) pos(0)
fid(82): fd(0) fileName(NULL)
	mode(NULL)	hot(0) cool(0) pos(0)
fid(81): fd(0) fileName(NULL)
	mode(NULL)	hot(0) cool(0) pos(0)
fid(80): fd(0) fileName(NULL)
	mode(NULL)	hot(0) cool(0) pos(0)
fid(79): fd(0) fileName(NULL)
	mode(NULL)	hot(0) cool(0) pos(0)
fid(78): fd(0) fileName(NULL)
	mode(NULL)	hot(0) cool(0) pos(0)
fid(77): fd(0) fileName(NULL)
	mode(NULL)	hot(0) cool(0) pos(0)
fid(76): fd(0) fileName(NULL)
	mode(NULL)	hot(0) cool(0) pos(0)
fid(75): fd(0) fileName(NULL)
	mode(NULL)	hot(0) cool(0) pos(0)
fid(74): fd(0) fileName(NULL)
	mode(NULL)	hot(0) cool(0) pos(0)
fid(73): fd(0) fileName(NULL)
	mode(NULL)	hot(0) cool(0) pos(0)
fid(72): fd(0) fileName(NULL)
	mode(NULL)	hot(0) cool(0) pos(0)
fid(71): fd(0) fileName(NULL)
	mode(NULL)	hot(0) cool(0) pos(0)
fid(70): fd(0) fileName(NULL)
	mode(NULL)	hot(0) cool(0) pos(0)
fid(69): fd(0) fileName(NULL)
	mode(NULL)	hot(0) cool(0) pos(0)
fid(68): fd(0) fileName(NULL)
	mode(NULL)	hot(0) cool(0) pos(0)
fid(67): fd(0) fileName(NULL)
	mode(NULL)	hot(0) cool(0) pos(0)
fid(66): fd(0) fileName(NULL)
	mode(NULL)	hot(0) cool(0) pos(0)
fid(65): fd(0) fileName(NULL)
	mode(NULL)	hot(0) cool(0) pos(0)
fid(64): fd(0) fileName(NULL)
	mode(NULL)	hot(0) cool(0) pos(0)
fid(63): fd(0) fileName(NULL)
	mode(NULL)	hot(0) cool(0) pos(0)
fid(62): fd(0) fileName(NULL)
	mode(NULL)	hot(0) cool(0) pos(0)
fid(61): fd(0) fileName(NULL)
	mode(NULL)	hot(0) cool(0) pos(0)
fid(60): fd(0) fileName(NULL)
	mode(NULL)	hot(0) cool(0) pos(0)
fid(59): fd(0) fileName(NULL)
	mode(NULL)	hot(0) cool(0) pos(0)
fid(58): fd(0) fileName(NULL)
	mode(NULL)	hot(0) cool(0) pos(0)
fid(57): fd(0) fileName(NULL)
	mode(NULL)	hot(0) cool(0) pos(0)
fid(56): fd(0) fileName(NULL)
	mode(NULL)	hot(0) cool(0) pos(0)
fid(55): fd(0) fileName(NULL)
	mode(NULL)	hot(0) cool(0) pos(0)
fid(54): fd(0) fileName(NULL)
	mode(NULL)	hot(0) cool(0) pos(0)
fid(53): fd(0) fileName(NULL)
	mode(NULL)	hot(0) cool(0) pos(0)
fid(52): fd(0) fileName(NULL)
	mode(NULL)	hot(0) cool(0) pos(0)
fid(51): fd(0) fileName(NULL)
	mode(NULL)	hot(0) cool(0) pos(0)
fid(50): fd(0) fileName(NULL)
	mode(NULL)	hot(0) cool(0) pos(0)
fid(49): fd(0) fileName(NULL)