cd vcs_sim && ./simv +ntb_random_seed_automatic +UVM_TESTNAME="m_test1"
Notice: timing checks disabled with +notimingcheck at compile-time
Chronologic VCS simulator copyright 1991-2020
Contains Synopsys proprietary information.
Compiler version Q-2020.03-SP2-7_Full64; Runtime version Q-2020.03-SP2-7_Full64;  Nov 24 03:56 2024
NOTE: automatic random seed used: 1650381471
----------------------------------------------------------------
UVM-1.1d.Synopsys
(C) 2007-2013 Mentor Graphics Corporation
(C) 2007-2013 Cadence Design Systems, Inc.
(C) 2006-2013 Synopsys, Inc.
(C) 2011-2013 Cypress Semiconductor Corp.
----------------------------------------------------------------

  ***********       IMPORTANT RELEASE NOTES         ************

  You are using a version of the UVM library that has been compiled
  with `UVM_NO_DEPRECATED undefined.
  See http://www.eda.org/svdb/view.php?id=3313 for more details.

  You are using a version of the UVM library that has been compiled
  with `UVM_OBJECT_MUST_HAVE_CONSTRUCTOR undefined.
  See http://www.eda.org/svdb/view.php?id=3770 for more details.

      (Specify +UVM_NO_RELNOTES to turn off this notice)

UVM_INFO @ 0: reporter [RNTST] Running test m_test1...
*Verdi* Loading libsscore_vcs202003.so
FSDB Dumper for VCS, Release Verdi_R-2020.12-SP1, Linux x86_64/64bit, 03/02/2021
(C) 1996 - 2021 by Synopsys, Inc.
*Verdi* FSDB WARNING: The FSDB file already exists. Overwriting the FSDB file may crash the programs that are using this file.
*Verdi* : Create FSDB file 'Tb.fsdb'
*Verdi* : Begin traversing the scopes, layer (0).
*Verdi* : End of traversing.
VCD+ Writer Q-2020.03-SP2-7_Full64 Copyright (c) 1991-2020 by Synopsys Inc.
UVM_INFO ../sim_src/m_env.sv(49) @ 0: uvm_test_top.env [ENV] @                   0 ns
UVM_INFO ../sim_src/m_transation.sv(32) @ 0: uvm_test_top.env.m_agt[0].m_sqr@@uvm_sequence [SEQ] This transation's src addr is uvm_test_top.env.m_agt[0].m_sqr.uvm_sequence
UVM_INFO ../sim_src/m_transation.sv(33) @ 0: uvm_test_top.env.m_agt[0].m_sqr@@uvm_sequence [SEQ] This transation's src addr is 0
to check the this       46912785438480
to check the this           0
UVM_INFO ../sim_src/m_driver.sv(31) @ 1: uvm_test_top.env.m_agt[0].m_drv [DRV] got one item 
 -----------------------------------------------------------------------------------------------
Name                           Type          Size  Value                                       
-----------------------------------------------------------------------------------------------
req                            m_transation  -     @6592                                       
  src                          integral      4     'h0                                         
  dst                          integral      4     'h0                                         
  data                         integral      8     'h9a                                        
  begin_time                   time          64    1                                           
  depth                        int           32    'd2                                         
  parent sequence (name)       string        12    uvm_sequence                                
  parent sequence (full name)  string        44    uvm_test_top.env.m_agt[0].m_sqr.uvm_sequence
  sequencer                    string        31    uvm_test_top.env.m_agt[0].m_sqr             
-----------------------------------------------------------------------------------------------

UVM_INFO ../sim_src/m_monitor.sv(33) @ 125: uvm_test_top.env.m_agt[0].m_mon [monitor] The channel %0d start receive data
UVM_INFO ../sim_src/m_driver.sv(38) @ 205: uvm_test_top.env.m_agt[0].m_drv [DRV] send one item 
 ---------------------------------------
Name          Type          Size  Value
---------------------------------------
req           m_transation  -     @6981
  src         integral      4     'h0  
  dst         integral      4     'h0  
  data        integral      8     'hfe 
  begin_time  time          64    1    
---------------------------------------

UVM_INFO ../sim_src/m_transation.sv(39) @ 205: uvm_test_top.env.m_agt[0].m_sqr@@uvm_sequence [SEQ] generate one item 
 -----------------------------------------------------------------------------------------------
Name                           Type          Size  Value                                       
-----------------------------------------------------------------------------------------------
req                            m_transation  -     @6592                                       
  src                          integral      4     'h0                                         
  dst                          integral      4     'h0                                         
  data                         integral      8     'h9a                                        
  begin_time                   time          64    1                                           
  end_time                     time          64    205                                         
  depth                        int           32    'd2                                         
  parent sequence (name)       string        12    uvm_sequence                                
  parent sequence (full name)  string        44    uvm_test_top.env.m_agt[0].m_sqr.uvm_sequence
  sequencer                    string        31    uvm_test_top.env.m_agt[0].m_sqr             
-----------------------------------------------------------------------------------------------

UVM_INFO ../sim_src/m_transation.sv(32) @ 205: uvm_test_top.env.m_agt[1].m_sqr@@uvm_sequence [SEQ] This transation's src addr is uvm_test_top.env.m_agt[1].m_sqr.uvm_sequence
UVM_INFO ../sim_src/m_transation.sv(33) @ 205: uvm_test_top.env.m_agt[1].m_sqr@@uvm_sequence [SEQ] This transation's src addr is 1
to check the this       46912785439728
to check the this           1
UVM_INFO ../sim_src/m_driver.sv(31) @ 205: uvm_test_top.env.m_agt[1].m_drv [DRV] got one item 
 -----------------------------------------------------------------------------------------------
Name                           Type          Size  Value                                       
-----------------------------------------------------------------------------------------------
req                            m_transation  -     @6987                                       
  src                          integral      4     'h1                                         
  dst                          integral      4     'h1                                         
  data                         integral      8     'h9a                                        
  begin_time                   time          64    205                                         
  depth                        int           32    'd2                                         
  parent sequence (name)       string        12    uvm_sequence                                
  parent sequence (full name)  string        44    uvm_test_top.env.m_agt[1].m_sqr.uvm_sequence
  sequencer                    string        31    uvm_test_top.env.m_agt[1].m_sqr             
-----------------------------------------------------------------------------------------------

UVM_INFO ../sim_src/m_scoreboard.sv(33) @ 235: uvm_test_top.env.m_scoreboard [[CMPPASS]] The channel [0] compare passed,the receive item is:
 --------------------------------------------
Name               Type          Size  Value
--------------------------------------------
uvm_sequence_item  m_transation  -     @6415
  src              integral      4     'h0  
  dst              integral      4     'h0  
  data             integral      8     'h9a 
--------------------------------------------

 the send item is:
 -----------------------------------------------------------------------------------------------
Name                           Type          Size  Value                                       
-----------------------------------------------------------------------------------------------
req                            m_transation  -     @6592                                       
  src                          integral      4     'h0                                         
  dst                          integral      4     'h0                                         
  data                         integral      8     'h9a                                        
  begin_time                   time          64    1                                           
  end_time                     time          64    205                                         
  depth                        int           32    'd2                                         
  parent sequence (name)       string        12    uvm_sequence                                
  parent sequence (full name)  string        44    uvm_test_top.env.m_agt[0].m_sqr.uvm_sequence
  sequencer                    string        31    uvm_test_top.env.m_agt[0].m_sqr             
-----------------------------------------------------------------------------------------------

UVM_INFO ../sim_src/m_monitor.sv(33) @ 305: uvm_test_top.env.m_agt[1].m_mon [monitor] The channel %0d start receive data
UVM_INFO ../sim_src/m_driver.sv(38) @ 385: uvm_test_top.env.m_agt[1].m_drv [DRV] send one item 
 ---------------------------------------
Name          Type          Size  Value
---------------------------------------
req           m_transation  -     @6992
  src         integral      4     'h1  
  dst         integral      4     'h1  
  data        integral      8     'hfe 
  begin_time  time          64    205  
---------------------------------------

UVM_INFO ../sim_src/m_transation.sv(39) @ 385: uvm_test_top.env.m_agt[1].m_sqr@@uvm_sequence [SEQ] generate one item 
 -----------------------------------------------------------------------------------------------
Name                           Type          Size  Value                                       
-----------------------------------------------------------------------------------------------
req                            m_transation  -     @6987                                       
  src                          integral      4     'h1                                         
  dst                          integral      4     'h1                                         
  data                         integral      8     'h9a                                        
  begin_time                   time          64    205                                         
  end_time                     time          64    385                                         
  depth                        int           32    'd2                                         
  parent sequence (name)       string        12    uvm_sequence                                
  parent sequence (full name)  string        44    uvm_test_top.env.m_agt[1].m_sqr.uvm_sequence
  sequencer                    string        31    uvm_test_top.env.m_agt[1].m_sqr             
-----------------------------------------------------------------------------------------------

UVM_INFO ../sim_src/m_transation.sv(32) @ 385: uvm_test_top.env.m_agt[2].m_sqr@@uvm_sequence [SEQ] This transation's src addr is uvm_test_top.env.m_agt[2].m_sqr.uvm_sequence
UVM_INFO ../sim_src/m_transation.sv(33) @ 385: uvm_test_top.env.m_agt[2].m_sqr@@uvm_sequence [SEQ] This transation's src addr is 2
to check the this       46912785441072
to check the this           2
UVM_INFO ../sim_src/m_driver.sv(31) @ 385: uvm_test_top.env.m_agt[2].m_drv [DRV] got one item 
 -----------------------------------------------------------------------------------------------
Name                           Type          Size  Value                                       
-----------------------------------------------------------------------------------------------
req                            m_transation  -     @7002                                       
  src                          integral      4     'h2                                         
  dst                          integral      4     'h2                                         
  data                         integral      8     'h9a                                        
  begin_time                   time          64    385                                         
  depth                        int           32    'd2                                         
  parent sequence (name)       string        12    uvm_sequence                                
  parent sequence (full name)  string        44    uvm_test_top.env.m_agt[2].m_sqr.uvm_sequence
  sequencer                    string        31    uvm_test_top.env.m_agt[2].m_sqr             
-----------------------------------------------------------------------------------------------

UVM_INFO ../sim_src/m_scoreboard.sv(33) @ 415: uvm_test_top.env.m_scoreboard [[CMPPASS]] The channel [1] compare passed,the receive item is:
 --------------------------------------------
Name               Type          Size  Value
--------------------------------------------
uvm_sequence_item  m_transation  -     @6457
  src              integral      4     'h0  
  dst              integral      4     'h1  
  data             integral      8     'h9a 
--------------------------------------------

 the send item is:
 -----------------------------------------------------------------------------------------------
Name                           Type          Size  Value                                       
-----------------------------------------------------------------------------------------------
req                            m_transation  -     @6987                                       
  src                          integral      4     'h1                                         
  dst                          integral      4     'h1                                         
  data                         integral      8     'h9a                                        
  begin_time                   time          64    205                                         
  end_time                     time          64    385                                         
  depth                        int           32    'd2                                         
  parent sequence (name)       string        12    uvm_sequence                                
  parent sequence (full name)  string        44    uvm_test_top.env.m_agt[1].m_sqr.uvm_sequence
  sequencer                    string        31    uvm_test_top.env.m_agt[1].m_sqr             
-----------------------------------------------------------------------------------------------

UVM_INFO ../sim_src/m_monitor.sv(33) @ 485: uvm_test_top.env.m_agt[2].m_mon [monitor] The channel %0d start receive data
UVM_INFO ../sim_src/m_driver.sv(38) @ 565: uvm_test_top.env.m_agt[2].m_drv [DRV] send one item 
 ---------------------------------------
Name          Type          Size  Value
---------------------------------------
req           m_transation  -     @7007
  src         integral      4     'h2  
  dst         integral      4     'h2  
  data        integral      8     'hfe 
  begin_time  time          64    385  
---------------------------------------

UVM_INFO ../sim_src/m_transation.sv(39) @ 565: uvm_test_top.env.m_agt[2].m_sqr@@uvm_sequence [SEQ] generate one item 
 -----------------------------------------------------------------------------------------------
Name                           Type          Size  Value                                       
-----------------------------------------------------------------------------------------------
req                            m_transation  -     @7002                                       
  src                          integral      4     'h2                                         
  dst                          integral      4     'h2                                         
  data                         integral      8     'h9a                                        
  begin_time                   time          64    385                                         
  end_time                     time          64    565                                         
  depth                        int           32    'd2                                         
  parent sequence (name)       string        12    uvm_sequence                                
  parent sequence (full name)  string        44    uvm_test_top.env.m_agt[2].m_sqr.uvm_sequence
  sequencer                    string        31    uvm_test_top.env.m_agt[2].m_sqr             
-----------------------------------------------------------------------------------------------

UVM_INFO ../sim_src/m_transation.sv(32) @ 565: uvm_test_top.env.m_agt[3].m_sqr@@uvm_sequence [SEQ] This transation's src addr is uvm_test_top.env.m_agt[3].m_sqr.uvm_sequence
UVM_INFO ../sim_src/m_transation.sv(33) @ 565: uvm_test_top.env.m_agt[3].m_sqr@@uvm_sequence [SEQ] This transation's src addr is 3
to check the this       46912785442416
to check the this           3
UVM_INFO ../sim_src/m_driver.sv(31) @ 565: uvm_test_top.env.m_agt[3].m_drv [DRV] got one item 
 -----------------------------------------------------------------------------------------------
Name                           Type          Size  Value                                       
-----------------------------------------------------------------------------------------------
req                            m_transation  -     @7017                                       
  src                          integral      4     'h3                                         
  dst                          integral      4     'h3                                         
  data                         integral      8     'h9a                                        
  begin_time                   time          64    565                                         
  depth                        int           32    'd2                                         
  parent sequence (name)       string        12    uvm_sequence                                
  parent sequence (full name)  string        44    uvm_test_top.env.m_agt[3].m_sqr.uvm_sequence
  sequencer                    string        31    uvm_test_top.env.m_agt[3].m_sqr             
-----------------------------------------------------------------------------------------------

UVM_INFO ../sim_src/m_scoreboard.sv(33) @ 595: uvm_test_top.env.m_scoreboard [[CMPPASS]] The channel [2] compare passed,the receive item is:
 --------------------------------------------
Name               Type          Size  Value
--------------------------------------------
uvm_sequence_item  m_transation  -     @6463
  src              integral      4     'h0  
  dst              integral      4     'h2  
  data             integral      8     'h9a 
--------------------------------------------

 the send item is:
 -----------------------------------------------------------------------------------------------
Name                           Type          Size  Value                                       
-----------------------------------------------------------------------------------------------
req                            m_transation  -     @7002                                       
  src                          integral      4     'h2                                         
  dst                          integral      4     'h2                                         
  data                         integral      8     'h9a                                        
  begin_time                   time          64    385                                         
  end_time                     time          64    565                                         
  depth                        int           32    'd2                                         
  parent sequence (name)       string        12    uvm_sequence                                
  parent sequence (full name)  string        44    uvm_test_top.env.m_agt[2].m_sqr.uvm_sequence
  sequencer                    string        31    uvm_test_top.env.m_agt[2].m_sqr             
-----------------------------------------------------------------------------------------------

UVM_INFO ../sim_src/m_monitor.sv(33) @ 665: uvm_test_top.env.m_agt[3].m_mon [monitor] The channel %0d start receive data
UVM_INFO ../sim_src/m_driver.sv(38) @ 745: uvm_test_top.env.m_agt[3].m_drv [DRV] send one item 
 ---------------------------------------
Name          Type          Size  Value
---------------------------------------
req           m_transation  -     @7022
  src         integral      4     'h3  
  dst         integral      4     'h3  
  data        integral      8     'hfe 
  begin_time  time          64    565  
---------------------------------------

UVM_INFO ../sim_src/m_transation.sv(39) @ 745: uvm_test_top.env.m_agt[3].m_sqr@@uvm_sequence [SEQ] generate one item 
 -----------------------------------------------------------------------------------------------
Name                           Type          Size  Value                                       
-----------------------------------------------------------------------------------------------
req                            m_transation  -     @7017                                       
  src                          integral      4     'h3                                         
  dst                          integral      4     'h3                                         
  data                         integral      8     'h9a                                        
  begin_time                   time          64    565                                         
  end_time                     time          64    745                                         
  depth                        int           32    'd2                                         
  parent sequence (name)       string        12    uvm_sequence                                
  parent sequence (full name)  string        44    uvm_test_top.env.m_agt[3].m_sqr.uvm_sequence
  sequencer                    string        31    uvm_test_top.env.m_agt[3].m_sqr             
-----------------------------------------------------------------------------------------------

UVM_INFO ../sim_src/m_transation.sv(32) @ 745: uvm_test_top.env.m_agt[4].m_sqr@@uvm_sequence [SEQ] This transation's src addr is uvm_test_top.env.m_agt[4].m_sqr.uvm_sequence
UVM_INFO ../sim_src/m_transation.sv(33) @ 745: uvm_test_top.env.m_agt[4].m_sqr@@uvm_sequence [SEQ] This transation's src addr is 4
to check the this       46912785443760
to check the this           4
UVM_INFO ../sim_src/m_driver.sv(31) @ 745: uvm_test_top.env.m_agt[4].m_drv [DRV] got one item 
 -----------------------------------------------------------------------------------------------
Name                           Type          Size  Value                                       
-----------------------------------------------------------------------------------------------
req                            m_transation  -     @7032                                       
  src                          integral      4     'h4                                         
  dst                          integral      4     'h4                                         
  data                         integral      8     'h9a                                        
  begin_time                   time          64    745                                         
  depth                        int           32    'd2                                         
  parent sequence (name)       string        12    uvm_sequence                                
  parent sequence (full name)  string        44    uvm_test_top.env.m_agt[4].m_sqr.uvm_sequence
  sequencer                    string        31    uvm_test_top.env.m_agt[4].m_sqr             
-----------------------------------------------------------------------------------------------

UVM_INFO ../sim_src/m_scoreboard.sv(33) @ 775: uvm_test_top.env.m_scoreboard [[CMPPASS]] The channel [3] compare passed,the receive item is:
 --------------------------------------------
Name               Type          Size  Value
--------------------------------------------
uvm_sequence_item  m_transation  -     @6469
  src              integral      4     'h0  
  dst              integral      4     'h3  
  data             integral      8     'h9a 
--------------------------------------------

 the send item is:
 -----------------------------------------------------------------------------------------------
Name                           Type          Size  Value                                       
-----------------------------------------------------------------------------------------------
req                            m_transation  -     @7017                                       
  src                          integral      4     'h3                                         
  dst                          integral      4     'h3                                         
  data                         integral      8     'h9a                                        
  begin_time                   time          64    565                                         
  end_time                     time          64    745                                         
  depth                        int           32    'd2                                         
  parent sequence (name)       string        12    uvm_sequence                                
  parent sequence (full name)  string        44    uvm_test_top.env.m_agt[3].m_sqr.uvm_sequence
  sequencer                    string        31    uvm_test_top.env.m_agt[3].m_sqr             
-----------------------------------------------------------------------------------------------

UVM_INFO ../sim_src/m_monitor.sv(33) @ 845: uvm_test_top.env.m_agt[4].m_mon [monitor] The channel %0d start receive data
UVM_INFO ../sim_src/m_driver.sv(38) @ 925: uvm_test_top.env.m_agt[4].m_drv [DRV] send one item 
 ---------------------------------------
Name          Type          Size  Value
---------------------------------------
req           m_transation  -     @7037
  src         integral      4     'h4  
  dst         integral      4     'h4  
  data        integral      8     'hfe 
  begin_time  time          64    745  
---------------------------------------

UVM_INFO ../sim_src/m_transation.sv(39) @ 925: uvm_test_top.env.m_agt[4].m_sqr@@uvm_sequence [SEQ] generate one item 
 -----------------------------------------------------------------------------------------------
Name                           Type          Size  Value                                       
-----------------------------------------------------------------------------------------------
req                            m_transation  -     @7032                                       
  src                          integral      4     'h4                                         
  dst                          integral      4     'h4                                         
  data                         integral      8     'h9a                                        
  begin_time                   time          64    745                                         
  end_time                     time          64    925                                         
  depth                        int           32    'd2                                         
  parent sequence (name)       string        12    uvm_sequence                                
  parent sequence (full name)  string        44    uvm_test_top.env.m_agt[4].m_sqr.uvm_sequence
  sequencer                    string        31    uvm_test_top.env.m_agt[4].m_sqr             
-----------------------------------------------------------------------------------------------

UVM_INFO ../sim_src/m_transation.sv(32) @ 925: uvm_test_top.env.m_agt[5].m_sqr@@uvm_sequence [SEQ] This transation's src addr is uvm_test_top.env.m_agt[5].m_sqr.uvm_sequence
UVM_INFO ../sim_src/m_transation.sv(33) @ 925: uvm_test_top.env.m_agt[5].m_sqr@@uvm_sequence [SEQ] This transation's src addr is 5
to check the this       46912785445104
to check the this           5
UVM_INFO ../sim_src/m_driver.sv(31) @ 925: uvm_test_top.env.m_agt[5].m_drv [DRV] got one item 
 -----------------------------------------------------------------------------------------------
Name                           Type          Size  Value                                       
-----------------------------------------------------------------------------------------------
req                            m_transation  -     @7047                                       
  src                          integral      4     'h5                                         
  dst                          integral      4     'h5                                         
  data                         integral      8     'h9a                                        
  begin_time                   time          64    925                                         
  depth                        int           32    'd2                                         
  parent sequence (name)       string        12    uvm_sequence                                
  parent sequence (full name)  string        44    uvm_test_top.env.m_agt[5].m_sqr.uvm_sequence
  sequencer                    string        31    uvm_test_top.env.m_agt[5].m_sqr             
-----------------------------------------------------------------------------------------------

UVM_INFO ../sim_src/m_scoreboard.sv(33) @ 955: uvm_test_top.env.m_scoreboard [[CMPPASS]] The channel [4] compare passed,the receive item is:
 --------------------------------------------
Name               Type          Size  Value
--------------------------------------------
uvm_sequence_item  m_transation  -     @6475
  src              integral      4     'h0  
  dst              integral      4     'h4  
  data             integral      8     'h9a 
--------------------------------------------

 the send item is:
 -----------------------------------------------------------------------------------------------
Name                           Type          Size  Value                                       
-----------------------------------------------------------------------------------------------
req                            m_transation  -     @7032                                       
  src                          integral      4     'h4                                         
  dst                          integral      4     'h4                                         
  data                         integral      8     'h9a                                        
  begin_time                   time          64    745                                         
  end_time                     time          64    925                                         
  depth                        int           32    'd2                                         
  parent sequence (name)       string        12    uvm_sequence                                
  parent sequence (full name)  string        44    uvm_test_top.env.m_agt[4].m_sqr.uvm_sequence
  sequencer                    string        31    uvm_test_top.env.m_agt[4].m_sqr             
-----------------------------------------------------------------------------------------------

UVM_INFO ../sim_src/m_monitor.sv(33) @ 1025: uvm_test_top.env.m_agt[5].m_mon [monitor] The channel %0d start receive data
UVM_INFO ../sim_src/m_driver.sv(38) @ 1105: uvm_test_top.env.m_agt[5].m_drv [DRV] send one item 
 ---------------------------------------
Name          Type          Size  Value
---------------------------------------
req           m_transation  -     @7052
  src         integral      4     'h5  
  dst         integral      4     'h5  
  data        integral      8     'hfe 
  begin_time  time          64    925  
---------------------------------------

UVM_INFO ../sim_src/m_transation.sv(39) @ 1105: uvm_test_top.env.m_agt[5].m_sqr@@uvm_sequence [SEQ] generate one item 
 -----------------------------------------------------------------------------------------------
Name                           Type          Size  Value                                       
-----------------------------------------------------------------------------------------------
req                            m_transation  -     @7047                                       
  src                          integral      4     'h5                                         
  dst                          integral      4     'h5                                         
  data                         integral      8     'h9a                                        
  begin_time                   time          64    925                                         
  end_time                     time          64    1105                                        
  depth                        int           32    'd2                                         
  parent sequence (name)       string        12    uvm_sequence                                
  parent sequence (full name)  string        44    uvm_test_top.env.m_agt[5].m_sqr.uvm_sequence
  sequencer                    string        31    uvm_test_top.env.m_agt[5].m_sqr             
-----------------------------------------------------------------------------------------------

UVM_INFO ../sim_src/m_transation.sv(32) @ 1105: uvm_test_top.env.m_agt[6].m_sqr@@uvm_sequence [SEQ] This transation's src addr is uvm_test_top.env.m_agt[6].m_sqr.uvm_sequence
UVM_INFO ../sim_src/m_transation.sv(33) @ 1105: uvm_test_top.env.m_agt[6].m_sqr@@uvm_sequence [SEQ] This transation's src addr is 6
to check the this       46912785446448
to check the this           6
UVM_INFO ../sim_src/m_driver.sv(31) @ 1105: uvm_test_top.env.m_agt[6].m_drv [DRV] got one item 
 -----------------------------------------------------------------------------------------------
Name                           Type          Size  Value                                       
-----------------------------------------------------------------------------------------------
req                            m_transation  -     @7062                                       
  src                          integral      4     'h6                                         
  dst                          integral      4     'h6                                         
  data                         integral      8     'h9a                                        
  begin_time                   time          64    1105                                        
  depth                        int           32    'd2                                         
  parent sequence (name)       string        12    uvm_sequence                                
  parent sequence (full name)  string        44    uvm_test_top.env.m_agt[6].m_sqr.uvm_sequence
  sequencer                    string        31    uvm_test_top.env.m_agt[6].m_sqr             
-----------------------------------------------------------------------------------------------

UVM_INFO ../sim_src/m_scoreboard.sv(33) @ 1135: uvm_test_top.env.m_scoreboard [[CMPPASS]] The channel [5] compare passed,the receive item is:
 --------------------------------------------
Name               Type          Size  Value
--------------------------------------------
uvm_sequence_item  m_transation  -     @6481
  src              integral      4     'h0  
  dst              integral      4     'h5  
  data             integral      8     'h9a 
--------------------------------------------

 the send item is:
 -----------------------------------------------------------------------------------------------
Name                           Type          Size  Value                                       
-----------------------------------------------------------------------------------------------
req                            m_transation  -     @7047                                       
  src                          integral      4     'h5                                         
  dst                          integral      4     'h5                                         
  data                         integral      8     'h9a                                        
  begin_time                   time          64    925                                         
  end_time                     time          64    1105                                        
  depth                        int           32    'd2                                         
  parent sequence (name)       string        12    uvm_sequence                                
  parent sequence (full name)  string        44    uvm_test_top.env.m_agt[5].m_sqr.uvm_sequence
  sequencer                    string        31    uvm_test_top.env.m_agt[5].m_sqr             
-----------------------------------------------------------------------------------------------

UVM_INFO ../sim_src/m_monitor.sv(33) @ 1205: uvm_test_top.env.m_agt[6].m_mon [monitor] The channel %0d start receive data
UVM_INFO ../sim_src/m_driver.sv(38) @ 1285: uvm_test_top.env.m_agt[6].m_drv [DRV] send one item 
 ---------------------------------------
Name          Type          Size  Value
---------------------------------------
req           m_transation  -     @7067
  src         integral      4     'h6  
  dst         integral      4     'h6  
  data        integral      8     'hfe 
  begin_time  time          64    1105 
---------------------------------------

UVM_INFO ../sim_src/m_transation.sv(39) @ 1285: uvm_test_top.env.m_agt[6].m_sqr@@uvm_sequence [SEQ] generate one item 
 -----------------------------------------------------------------------------------------------
Name                           Type          Size  Value                                       
-----------------------------------------------------------------------------------------------
req                            m_transation  -     @7062                                       
  src                          integral      4     'h6                                         
  dst                          integral      4     'h6                                         
  data                         integral      8     'h9a                                        
  begin_time                   time          64    1105                                        
  end_time                     time          64    1285                                        
  depth                        int           32    'd2                                         
  parent sequence (name)       string        12    uvm_sequence                                
  parent sequence (full name)  string        44    uvm_test_top.env.m_agt[6].m_sqr.uvm_sequence
  sequencer                    string        31    uvm_test_top.env.m_agt[6].m_sqr             
-----------------------------------------------------------------------------------------------

UVM_INFO ../sim_src/m_transation.sv(32) @ 1285: uvm_test_top.env.m_agt[7].m_sqr@@uvm_sequence [SEQ] This transation's src addr is uvm_test_top.env.m_agt[7].m_sqr.uvm_sequence
UVM_INFO ../sim_src/m_transation.sv(33) @ 1285: uvm_test_top.env.m_agt[7].m_sqr@@uvm_sequence [SEQ] This transation's src addr is 7
to check the this       46912785447792
to check the this           7
UVM_INFO ../sim_src/m_driver.sv(31) @ 1285: uvm_test_top.env.m_agt[7].m_drv [DRV] got one item 
 -----------------------------------------------------------------------------------------------
Name                           Type          Size  Value                                       
-----------------------------------------------------------------------------------------------
req                            m_transation  -     @7077                                       
  src                          integral      4     'h7                                         
  dst                          integral      4     'h7                                         
  data                         integral      8     'h9a                                        
  begin_time                   time          64    1285                                        
  depth                        int           32    'd2                                         
  parent sequence (name)       string        12    uvm_sequence                                
  parent sequence (full name)  string        44    uvm_test_top.env.m_agt[7].m_sqr.uvm_sequence
  sequencer                    string        31    uvm_test_top.env.m_agt[7].m_sqr             
-----------------------------------------------------------------------------------------------

UVM_INFO ../sim_src/m_scoreboard.sv(33) @ 1315: uvm_test_top.env.m_scoreboard [[CMPPASS]] The channel [6] compare passed,the receive item is:
 --------------------------------------------
Name               Type          Size  Value
--------------------------------------------
uvm_sequence_item  m_transation  -     @6487
  src              integral      4     'h0  
  dst              integral      4     'h6  
  data             integral      8     'h9a 
--------------------------------------------

 the send item is:
 -----------------------------------------------------------------------------------------------
Name                           Type          Size  Value                                       
-----------------------------------------------------------------------------------------------
req                            m_transation  -     @7062                                       
  src                          integral      4     'h6                                         
  dst                          integral      4     'h6                                         
  data                         integral      8     'h9a                                        
  begin_time                   time          64    1105                                        
  end_time                     time          64    1285                                        
  depth                        int           32    'd2                                         
  parent sequence (name)       string        12    uvm_sequence                                
  parent sequence (full name)  string        44    uvm_test_top.env.m_agt[6].m_sqr.uvm_sequence
  sequencer                    string        31    uvm_test_top.env.m_agt[6].m_sqr             
-----------------------------------------------------------------------------------------------

UVM_INFO ../sim_src/m_monitor.sv(33) @ 1385: uvm_test_top.env.m_agt[7].m_mon [monitor] The channel %0d start receive data
UVM_INFO ../sim_src/m_driver.sv(38) @ 1465: uvm_test_top.env.m_agt[7].m_drv [DRV] send one item 
 ---------------------------------------
Name          Type          Size  Value
---------------------------------------
req           m_transation  -     @7082
  src         integral      4     'h7  
  dst         integral      4     'h7  
  data        integral      8     'hfe 
  begin_time  time          64    1285 
---------------------------------------

UVM_INFO ../sim_src/m_transation.sv(39) @ 1465: uvm_test_top.env.m_agt[7].m_sqr@@uvm_sequence [SEQ] generate one item 
 -----------------------------------------------------------------------------------------------
Name                           Type          Size  Value                                       
-----------------------------------------------------------------------------------------------
req                            m_transation  -     @7077                                       
  src                          integral      4     'h7                                         
  dst                          integral      4     'h7                                         
  data                         integral      8     'h9a                                        
  begin_time                   time          64    1285                                        
  end_time                     time          64    1465                                        
  depth                        int           32    'd2                                         
  parent sequence (name)       string        12    uvm_sequence                                
  parent sequence (full name)  string        44    uvm_test_top.env.m_agt[7].m_sqr.uvm_sequence
  sequencer                    string        31    uvm_test_top.env.m_agt[7].m_sqr             
-----------------------------------------------------------------------------------------------

UVM_INFO ../sim_src/m_transation.sv(32) @ 1465: uvm_test_top.env.m_agt[8].m_sqr@@uvm_sequence [SEQ] This transation's src addr is uvm_test_top.env.m_agt[8].m_sqr.uvm_sequence
UVM_INFO ../sim_src/m_transation.sv(33) @ 1465: uvm_test_top.env.m_agt[8].m_sqr@@uvm_sequence [SEQ] This transation's src addr is 8
to check the this       46912785449136
to check the this           8
UVM_INFO ../sim_src/m_driver.sv(31) @ 1465: uvm_test_top.env.m_agt[8].m_drv [DRV] got one item 
 -----------------------------------------------------------------------------------------------
Name                           Type          Size  Value                                       
-----------------------------------------------------------------------------------------------
req                            m_transation  -     @7092                                       
  src                          integral      4     'h8                                         
  dst                          integral      4     'h8                                         
  data                         integral      8     'h9a                                        
  begin_time                   time          64    1465                                        
  depth                        int           32    'd2                                         
  parent sequence (name)       string        12    uvm_sequence                                
  parent sequence (full name)  string        44    uvm_test_top.env.m_agt[8].m_sqr.uvm_sequence
  sequencer                    string        31    uvm_test_top.env.m_agt[8].m_sqr             
-----------------------------------------------------------------------------------------------

UVM_INFO ../sim_src/m_scoreboard.sv(33) @ 1495: uvm_test_top.env.m_scoreboard [[CMPPASS]] The channel [7] compare passed,the receive item is:
 --------------------------------------------
Name               Type          Size  Value
--------------------------------------------
uvm_sequence_item  m_transation  -     @6493
  src              integral      4     'h0  
  dst              integral      4     'h7  
  data             integral      8     'h9a 
--------------------------------------------

 the send item is:
 -----------------------------------------------------------------------------------------------
Name                           Type          Size  Value                                       
-----------------------------------------------------------------------------------------------
req                            m_transation  -     @7077                                       
  src                          integral      4     'h7                                         
  dst                          integral      4     'h7                                         
  data                         integral      8     'h9a                                        
  begin_time                   time          64    1285                                        
  end_time                     time          64    1465                                        
  depth                        int           32    'd2                                         
  parent sequence (name)       string        12    uvm_sequence                                
  parent sequence (full name)  string        44    uvm_test_top.env.m_agt[7].m_sqr.uvm_sequence
  sequencer                    string        31    uvm_test_top.env.m_agt[7].m_sqr             
-----------------------------------------------------------------------------------------------

UVM_INFO ../sim_src/m_monitor.sv(33) @ 1565: uvm_test_top.env.m_agt[8].m_mon [monitor] The channel %0d start receive data
UVM_INFO ../sim_src/m_driver.sv(38) @ 1645: uvm_test_top.env.m_agt[8].m_drv [DRV] send one item 
 ---------------------------------------
Name          Type          Size  Value
---------------------------------------
req           m_transation  -     @7097
  src         integral      4     'h8  
  dst         integral      4     'h8  
  data        integral      8     'hfe 
  begin_time  time          64    1465 
---------------------------------------

UVM_INFO ../sim_src/m_transation.sv(39) @ 1645: uvm_test_top.env.m_agt[8].m_sqr@@uvm_sequence [SEQ] generate one item 
 -----------------------------------------------------------------------------------------------
Name                           Type          Size  Value                                       
-----------------------------------------------------------------------------------------------
req                            m_transation  -     @7092                                       
  src                          integral      4     'h8                                         
  dst                          integral      4     'h8                                         
  data                         integral      8     'h9a                                        
  begin_time                   time          64    1465                                        
  end_time                     time          64    1645                                        
  depth                        int           32    'd2                                         
  parent sequence (name)       string        12    uvm_sequence                                
  parent sequence (full name)  string        44    uvm_test_top.env.m_agt[8].m_sqr.uvm_sequence
  sequencer                    string        31    uvm_test_top.env.m_agt[8].m_sqr             
-----------------------------------------------------------------------------------------------

UVM_INFO ../sim_src/m_transation.sv(32) @ 1645: uvm_test_top.env.m_agt[9].m_sqr@@uvm_sequence [SEQ] This transation's src addr is uvm_test_top.env.m_agt[9].m_sqr.uvm_sequence
UVM_INFO ../sim_src/m_transation.sv(33) @ 1645: uvm_test_top.env.m_agt[9].m_sqr@@uvm_sequence [SEQ] This transation's src addr is 9
to check the this       46912785450480
to check the this           9
UVM_INFO ../sim_src/m_driver.sv(31) @ 1645: uvm_test_top.env.m_agt[9].m_drv [DRV] got one item 
 -----------------------------------------------------------------------------------------------
Name                           Type          Size  Value                                       
-----------------------------------------------------------------------------------------------
req                            m_transation  -     @7107                                       
  src                          integral      4     'h9                                         
  dst                          integral      4     'h9                                         
  data                         integral      8     'h9a                                        
  begin_time                   time          64    1645                                        
  depth                        int           32    'd2                                         
  parent sequence (name)       string        12    uvm_sequence                                
  parent sequence (full name)  string        44    uvm_test_top.env.m_agt[9].m_sqr.uvm_sequence
  sequencer                    string        31    uvm_test_top.env.m_agt[9].m_sqr             
-----------------------------------------------------------------------------------------------

UVM_INFO ../sim_src/m_scoreboard.sv(33) @ 1675: uvm_test_top.env.m_scoreboard [[CMPPASS]] The channel [8] compare passed,the receive item is:
 --------------------------------------------
Name               Type          Size  Value
--------------------------------------------
uvm_sequence_item  m_transation  -     @6499
  src              integral      4     'h0  
  dst              integral      4     'h8  
  data             integral      8     'h9a 
--------------------------------------------

 the send item is:
 -----------------------------------------------------------------------------------------------
Name                           Type          Size  Value                                       
-----------------------------------------------------------------------------------------------
req                            m_transation  -     @7092                                       
  src                          integral      4     'h8                                         
  dst                          integral      4     'h8                                         
  data                         integral      8     'h9a                                        
  begin_time                   time          64    1465                                        
  end_time                     time          64    1645                                        
  depth                        int           32    'd2                                         
  parent sequence (name)       string        12    uvm_sequence                                
  parent sequence (full name)  string        44    uvm_test_top.env.m_agt[8].m_sqr.uvm_sequence
  sequencer                    string        31    uvm_test_top.env.m_agt[8].m_sqr             
-----------------------------------------------------------------------------------------------

UVM_INFO ../sim_src/m_monitor.sv(33) @ 1745: uvm_test_top.env.m_agt[9].m_mon [monitor] The channel %0d start receive data
UVM_INFO ../sim_src/m_driver.sv(38) @ 1825: uvm_test_top.env.m_agt[9].m_drv [DRV] send one item 
 ---------------------------------------
Name          Type          Size  Value
---------------------------------------
req           m_transation  -     @7112
  src         integral      4     'h9  
  dst         integral      4     'h9  
  data        integral      8     'hfe 
  begin_time  time          64    1645 
---------------------------------------

UVM_INFO ../sim_src/m_transation.sv(39) @ 1825: uvm_test_top.env.m_agt[9].m_sqr@@uvm_sequence [SEQ] generate one item 
 -----------------------------------------------------------------------------------------------
Name                           Type          Size  Value                                       
-----------------------------------------------------------------------------------------------
req                            m_transation  -     @7107                                       
  src                          integral      4     'h9                                         
  dst                          integral      4     'h9                                         
  data                         integral      8     'h9a                                        
  begin_time                   time          64    1645                                        
  end_time                     time          64    1825                                        
  depth                        int           32    'd2                                         
  parent sequence (name)       string        12    uvm_sequence                                
  parent sequence (full name)  string        44    uvm_test_top.env.m_agt[9].m_sqr.uvm_sequence
  sequencer                    string        31    uvm_test_top.env.m_agt[9].m_sqr             
-----------------------------------------------------------------------------------------------

UVM_INFO ../sim_src/m_transation.sv(32) @ 1825: uvm_test_top.env.m_agt[10].m_sqr@@uvm_sequence [SEQ] This transation's src addr is uvm_test_top.env.m_agt[10].m_sqr.uvm_sequence
UVM_INFO ../sim_src/m_transation.sv(33) @ 1825: uvm_test_top.env.m_agt[10].m_sqr@@uvm_sequence [SEQ] This transation's src addr is 10
to check the this       46912785451824
to check the this          10
UVM_INFO ../sim_src/m_driver.sv(31) @ 1825: uvm_test_top.env.m_agt[10].m_drv [DRV] got one item 
 ------------------------------------------------------------------------------------------------
Name                           Type          Size  Value                                        
------------------------------------------------------------------------------------------------
req                            m_transation  -     @7122                                        
  src                          integral      4     'ha                                          
  dst                          integral      4     'ha                                          
  data                         integral      8     'h9a                                         
  begin_time                   time          64    1825                                         
  depth                        int           32    'd2                                          
  parent sequence (name)       string        12    uvm_sequence                                 
  parent sequence (full name)  string        45    uvm_test_top.env.m_agt[10].m_sqr.uvm_sequence
  sequencer                    string        32    uvm_test_top.env.m_agt[10].m_sqr             
------------------------------------------------------------------------------------------------

UVM_INFO ../sim_src/m_scoreboard.sv(33) @ 1855: uvm_test_top.env.m_scoreboard [[CMPPASS]] The channel [9] compare passed,the receive item is:
 --------------------------------------------
Name               Type          Size  Value
--------------------------------------------
uvm_sequence_item  m_transation  -     @6505
  src              integral      4     'h0  
  dst              integral      4     'h9  
  data             integral      8     'h9a 
--------------------------------------------

 the send item is:
 -----------------------------------------------------------------------------------------------
Name                           Type          Size  Value                                       
-----------------------------------------------------------------------------------------------
req                            m_transation  -     @7107                                       
  src                          integral      4     'h9                                         
  dst                          integral      4     'h9                                         
  data                         integral      8     'h9a                                        
  begin_time                   time          64    1645                                        
  end_time                     time          64    1825                                        
  depth                        int           32    'd2                                         
  parent sequence (name)       string        12    uvm_sequence                                
  parent sequence (full name)  string        44    uvm_test_top.env.m_agt[9].m_sqr.uvm_sequence
  sequencer                    string        31    uvm_test_top.env.m_agt[9].m_sqr             
-----------------------------------------------------------------------------------------------

UVM_INFO ../sim_src/m_monitor.sv(33) @ 1925: uvm_test_top.env.m_agt[10].m_mon [monitor] The channel %0d start receive data
UVM_INFO ../sim_src/m_driver.sv(38) @ 2005: uvm_test_top.env.m_agt[10].m_drv [DRV] send one item 
 ---------------------------------------
Name          Type          Size  Value
---------------------------------------
req           m_transation  -     @7127
  src         integral      4     'ha  
  dst         integral      4     'ha  
  data        integral      8     'hfe 
  begin_time  time          64    1825 
---------------------------------------

UVM_INFO ../sim_src/m_transation.sv(39) @ 2005: uvm_test_top.env.m_agt[10].m_sqr@@uvm_sequence [SEQ] generate one item 
 ------------------------------------------------------------------------------------------------
Name                           Type          Size  Value                                        
------------------------------------------------------------------------------------------------
req                            m_transation  -     @7122                                        
  src                          integral      4     'ha                                          
  dst                          integral      4     'ha                                          
  data                         integral      8     'h9a                                         
  begin_time                   time          64    1825                                         
  end_time                     time          64    2005                                         
  depth                        int           32    'd2                                          
  parent sequence (name)       string        12    uvm_sequence                                 
  parent sequence (full name)  string        45    uvm_test_top.env.m_agt[10].m_sqr.uvm_sequence
  sequencer                    string        32    uvm_test_top.env.m_agt[10].m_sqr             
------------------------------------------------------------------------------------------------

UVM_INFO ../sim_src/m_transation.sv(32) @ 2005: uvm_test_top.env.m_agt[11].m_sqr@@uvm_sequence [SEQ] This transation's src addr is uvm_test_top.env.m_agt[11].m_sqr.uvm_sequence
UVM_INFO ../sim_src/m_transation.sv(33) @ 2005: uvm_test_top.env.m_agt[11].m_sqr@@uvm_sequence [SEQ] This transation's src addr is 11
to check the this       46912785453168
to check the this          11
UVM_INFO ../sim_src/m_driver.sv(31) @ 2005: uvm_test_top.env.m_agt[11].m_drv [DRV] got one item 
 ------------------------------------------------------------------------------------------------
Name                           Type          Size  Value                                        
------------------------------------------------------------------------------------------------
req                            m_transation  -     @7137                                        
  src                          integral      4     'hb                                          
  dst                          integral      4     'hb                                          
  data                         integral      8     'h9a                                         
  begin_time                   time          64    2005                                         
  depth                        int           32    'd2                                          
  parent sequence (name)       string        12    uvm_sequence                                 
  parent sequence (full name)  string        45    uvm_test_top.env.m_agt[11].m_sqr.uvm_sequence
  sequencer                    string        32    uvm_test_top.env.m_agt[11].m_sqr             
------------------------------------------------------------------------------------------------

UVM_INFO ../sim_src/m_scoreboard.sv(33) @ 2035: uvm_test_top.env.m_scoreboard [[CMPPASS]] The channel [10] compare passed,the receive item is:
 --------------------------------------------
Name               Type          Size  Value
--------------------------------------------
uvm_sequence_item  m_transation  -     @6421
  src              integral      4     'h0  
  dst              integral      4     'ha  
  data             integral      8     'h9a 
--------------------------------------------

 the send item is:
 ------------------------------------------------------------------------------------------------
Name                           Type          Size  Value                                        
------------------------------------------------------------------------------------------------
req                            m_transation  -     @7122                                        
  src                          integral      4     'ha                                          
  dst                          integral      4     'ha                                          
  data                         integral      8     'h9a                                         
  begin_time                   time          64    1825                                         
  end_time                     time          64    2005                                         
  depth                        int           32    'd2                                          
  parent sequence (name)       string        12    uvm_sequence                                 
  parent sequence (full name)  string        45    uvm_test_top.env.m_agt[10].m_sqr.uvm_sequence
  sequencer                    string        32    uvm_test_top.env.m_agt[10].m_sqr             
------------------------------------------------------------------------------------------------

UVM_INFO ../sim_src/m_monitor.sv(33) @ 2105: uvm_test_top.env.m_agt[11].m_mon [monitor] The channel %0d start receive data
UVM_INFO ../sim_src/m_driver.sv(38) @ 2185: uvm_test_top.env.m_agt[11].m_drv [DRV] send one item 
 ---------------------------------------
Name          Type          Size  Value
---------------------------------------
req           m_transation  -     @7142
  src         integral      4     'hb  
  dst         integral      4     'hb  
  data        integral      8     'hfe 
  begin_time  time          64    2005 
---------------------------------------

UVM_INFO ../sim_src/m_transation.sv(39) @ 2185: uvm_test_top.env.m_agt[11].m_sqr@@uvm_sequence [SEQ] generate one item 
 ------------------------------------------------------------------------------------------------
Name                           Type          Size  Value                                        
------------------------------------------------------------------------------------------------
req                            m_transation  -     @7137                                        
  src                          integral      4     'hb                                          
  dst                          integral      4     'hb                                          
  data                         integral      8     'h9a                                         
  begin_time                   time          64    2005                                         
  end_time                     time          64    2185                                         
  depth                        int           32    'd2                                          
  parent sequence (name)       string        12    uvm_sequence                                 
  parent sequence (full name)  string        45    uvm_test_top.env.m_agt[11].m_sqr.uvm_sequence
  sequencer                    string        32    uvm_test_top.env.m_agt[11].m_sqr             
------------------------------------------------------------------------------------------------

UVM_INFO ../sim_src/m_transation.sv(32) @ 2185: uvm_test_top.env.m_agt[12].m_sqr@@uvm_sequence [SEQ] This transation's src addr is uvm_test_top.env.m_agt[12].m_sqr.uvm_sequence
UVM_INFO ../sim_src/m_transation.sv(33) @ 2185: uvm_test_top.env.m_agt[12].m_sqr@@uvm_sequence [SEQ] This transation's src addr is 12
to check the this       46912785454512
to check the this          12
UVM_INFO ../sim_src/m_driver.sv(31) @ 2185: uvm_test_top.env.m_agt[12].m_drv [DRV] got one item 
 ------------------------------------------------------------------------------------------------
Name                           Type          Size  Value                                        
------------------------------------------------------------------------------------------------
req                            m_transation  -     @7152                                        
  src                          integral      4     'hc                                          
  dst                          integral      4     'hc                                          
  data                         integral      8     'h9a                                         
  begin_time                   time          64    2185                                         
  depth                        int           32    'd2                                          
  parent sequence (name)       string        12    uvm_sequence                                 
  parent sequence (full name)  string        45    uvm_test_top.env.m_agt[12].m_sqr.uvm_sequence
  sequencer                    string        32    uvm_test_top.env.m_agt[12].m_sqr             
------------------------------------------------------------------------------------------------

UVM_INFO ../sim_src/m_scoreboard.sv(33) @ 2215: uvm_test_top.env.m_scoreboard [[CMPPASS]] The channel [11] compare passed,the receive item is:
 --------------------------------------------
Name               Type          Size  Value
--------------------------------------------
uvm_sequence_item  m_transation  -     @6427
  src              integral      4     'h0  
  dst              integral      4     'hb  
  data             integral      8     'h9a 
--------------------------------------------

 the send item is:
 ------------------------------------------------------------------------------------------------
Name                           Type          Size  Value                                        
------------------------------------------------------------------------------------------------
req                            m_transation  -     @7137                                        
  src                          integral      4     'hb                                          
  dst                          integral      4     'hb                                          
  data                         integral      8     'h9a                                         
  begin_time                   time          64    2005                                         
  end_time                     time          64    2185                                         
  depth                        int           32    'd2                                          
  parent sequence (name)       string        12    uvm_sequence                                 
  parent sequence (full name)  string        45    uvm_test_top.env.m_agt[11].m_sqr.uvm_sequence
  sequencer                    string        32    uvm_test_top.env.m_agt[11].m_sqr             
------------------------------------------------------------------------------------------------

UVM_INFO ../sim_src/m_monitor.sv(33) @ 2285: uvm_test_top.env.m_agt[12].m_mon [monitor] The channel %0d start receive data
UVM_INFO ../sim_src/m_driver.sv(38) @ 2365: uvm_test_top.env.m_agt[12].m_drv [DRV] send one item 
 ---------------------------------------
Name          Type          Size  Value
---------------------------------------
req           m_transation  -     @7157
  src         integral      4     'hc  
  dst         integral      4     'hc  
  data        integral      8     'hfe 
  begin_time  time          64    2185 
---------------------------------------

UVM_INFO ../sim_src/m_transation.sv(39) @ 2365: uvm_test_top.env.m_agt[12].m_sqr@@uvm_sequence [SEQ] generate one item 
 ------------------------------------------------------------------------------------------------
Name                           Type          Size  Value                                        
------------------------------------------------------------------------------------------------
req                            m_transation  -     @7152                                        
  src                          integral      4     'hc                                          
  dst                          integral      4     'hc                                          
  data                         integral      8     'h9a                                         
  begin_time                   time          64    2185                                         
  end_time                     time          64    2365                                         
  depth                        int           32    'd2                                          
  parent sequence (name)       string        12    uvm_sequence                                 
  parent sequence (full name)  string        45    uvm_test_top.env.m_agt[12].m_sqr.uvm_sequence
  sequencer                    string        32    uvm_test_top.env.m_agt[12].m_sqr             
------------------------------------------------------------------------------------------------

UVM_INFO ../sim_src/m_transation.sv(32) @ 2365: uvm_test_top.env.m_agt[13].m_sqr@@uvm_sequence [SEQ] This transation's src addr is uvm_test_top.env.m_agt[13].m_sqr.uvm_sequence
UVM_INFO ../sim_src/m_transation.sv(33) @ 2365: uvm_test_top.env.m_agt[13].m_sqr@@uvm_sequence [SEQ] This transation's src addr is 13
to check the this       46912785455856
to check the this          13
UVM_INFO ../sim_src/m_driver.sv(31) @ 2365: uvm_test_top.env.m_agt[13].m_drv [DRV] got one item 
 ------------------------------------------------------------------------------------------------
Name                           Type          Size  Value                                        
------------------------------------------------------------------------------------------------
req                            m_transation  -     @7167                                        
  src                          integral      4     'hd                                          
  dst                          integral      4     'hd                                          
  data                         integral      8     'h9a                                         
  begin_time                   time          64    2365                                         
  depth                        int           32    'd2                                          
  parent sequence (name)       string        12    uvm_sequence                                 
  parent sequence (full name)  string        45    uvm_test_top.env.m_agt[13].m_sqr.uvm_sequence
  sequencer                    string        32    uvm_test_top.env.m_agt[13].m_sqr             
------------------------------------------------------------------------------------------------

UVM_INFO ../sim_src/m_scoreboard.sv(33) @ 2395: uvm_test_top.env.m_scoreboard [[CMPPASS]] The channel [12] compare passed,the receive item is:
 --------------------------------------------
Name               Type          Size  Value
--------------------------------------------
uvm_sequence_item  m_transation  -     @6433
  src              integral      4     'h0  
  dst              integral      4     'hc  
  data             integral      8     'h9a 
--------------------------------------------

 the send item is:
 ------------------------------------------------------------------------------------------------
Name                           Type          Size  Value                                        
------------------------------------------------------------------------------------------------
req                            m_transation  -     @7152                                        
  src                          integral      4     'hc                                          
  dst                          integral      4     'hc                                          
  data                         integral      8     'h9a                                         
  begin_time                   time          64    2185                                         
  end_time                     time          64    2365                                         
  depth                        int           32    'd2                                          
  parent sequence (name)       string        12    uvm_sequence                                 
  parent sequence (full name)  string        45    uvm_test_top.env.m_agt[12].m_sqr.uvm_sequence
  sequencer                    string        32    uvm_test_top.env.m_agt[12].m_sqr             
------------------------------------------------------------------------------------------------

UVM_INFO ../sim_src/m_monitor.sv(33) @ 2465: uvm_test_top.env.m_agt[13].m_mon [monitor] The channel %0d start receive data
UVM_INFO ../sim_src/m_driver.sv(38) @ 2545: uvm_test_top.env.m_agt[13].m_drv [DRV] send one item 
 ---------------------------------------
Name          Type          Size  Value
---------------------------------------
req           m_transation  -     @7172
  src         integral      4     'hd  
  dst         integral      4     'hd  
  data        integral      8     'hfe 
  begin_time  time          64    2365 
---------------------------------------

UVM_INFO ../sim_src/m_transation.sv(39) @ 2545: uvm_test_top.env.m_agt[13].m_sqr@@uvm_sequence [SEQ] generate one item 
 ------------------------------------------------------------------------------------------------
Name                           Type          Size  Value                                        
------------------------------------------------------------------------------------------------
req                            m_transation  -     @7167                                        
  src                          integral      4     'hd                                          
  dst                          integral      4     'hd                                          
  data                         integral      8     'h9a                                         
  begin_time                   time          64    2365                                         
  end_time                     time          64    2545                                         
  depth                        int           32    'd2                                          
  parent sequence (name)       string        12    uvm_sequence                                 
  parent sequence (full name)  string        45    uvm_test_top.env.m_agt[13].m_sqr.uvm_sequence
  sequencer                    string        32    uvm_test_top.env.m_agt[13].m_sqr             
------------------------------------------------------------------------------------------------

UVM_INFO ../sim_src/m_transation.sv(32) @ 2545: uvm_test_top.env.m_agt[14].m_sqr@@uvm_sequence [SEQ] This transation's src addr is uvm_test_top.env.m_agt[14].m_sqr.uvm_sequence
UVM_INFO ../sim_src/m_transation.sv(33) @ 2545: uvm_test_top.env.m_agt[14].m_sqr@@uvm_sequence [SEQ] This transation's src addr is 14
to check the this       46912785457200
to check the this          14
UVM_INFO ../sim_src/m_driver.sv(31) @ 2545: uvm_test_top.env.m_agt[14].m_drv [DRV] got one item 
 ------------------------------------------------------------------------------------------------
Name                           Type          Size  Value                                        
------------------------------------------------------------------------------------------------
req                            m_transation  -     @7182                                        
  src                          integral      4     'he                                          
  dst                          integral      4     'he                                          
  data                         integral      8     'h9a                                         
  begin_time                   time          64    2545                                         
  depth                        int           32    'd2                                          
  parent sequence (name)       string        12    uvm_sequence                                 
  parent sequence (full name)  string        45    uvm_test_top.env.m_agt[14].m_sqr.uvm_sequence
  sequencer                    string        32    uvm_test_top.env.m_agt[14].m_sqr             
------------------------------------------------------------------------------------------------

UVM_INFO ../sim_src/m_scoreboard.sv(33) @ 2575: uvm_test_top.env.m_scoreboard [[CMPPASS]] The channel [13] compare passed,the receive item is:
 --------------------------------------------
Name               Type          Size  Value
--------------------------------------------
uvm_sequence_item  m_transation  -     @6439
  src              integral      4     'h0  
  dst              integral      4     'hd  
  data             integral      8     'h9a 
--------------------------------------------

 the send item is:
 ------------------------------------------------------------------------------------------------
Name                           Type          Size  Value                                        
------------------------------------------------------------------------------------------------
req                            m_transation  -     @7167                                        
  src                          integral      4     'hd                                          
  dst                          integral      4     'hd                                          
  data                         integral      8     'h9a                                         
  begin_time                   time          64    2365                                         
  end_time                     time          64    2545                                         
  depth                        int           32    'd2                                          
  parent sequence (name)       string        12    uvm_sequence                                 
  parent sequence (full name)  string        45    uvm_test_top.env.m_agt[13].m_sqr.uvm_sequence
  sequencer                    string        32    uvm_test_top.env.m_agt[13].m_sqr             
------------------------------------------------------------------------------------------------

UVM_INFO ../sim_src/m_monitor.sv(33) @ 2645: uvm_test_top.env.m_agt[14].m_mon [monitor] The channel %0d start receive data
UVM_INFO ../sim_src/m_driver.sv(38) @ 2725: uvm_test_top.env.m_agt[14].m_drv [DRV] send one item 
 ---------------------------------------
Name          Type          Size  Value
---------------------------------------
req           m_transation  -     @7187
  src         integral      4     'he  
  dst         integral      4     'he  
  data        integral      8     'hfe 
  begin_time  time          64    2545 
---------------------------------------

UVM_INFO ../sim_src/m_transation.sv(39) @ 2725: uvm_test_top.env.m_agt[14].m_sqr@@uvm_sequence [SEQ] generate one item 
 ------------------------------------------------------------------------------------------------
Name                           Type          Size  Value                                        
------------------------------------------------------------------------------------------------
req                            m_transation  -     @7182                                        
  src                          integral      4     'he                                          
  dst                          integral      4     'he                                          
  data                         integral      8     'h9a                                         
  begin_time                   time          64    2545                                         
  end_time                     time          64    2725                                         
  depth                        int           32    'd2                                          
  parent sequence (name)       string        12    uvm_sequence                                 
  parent sequence (full name)  string        45    uvm_test_top.env.m_agt[14].m_sqr.uvm_sequence
  sequencer                    string        32    uvm_test_top.env.m_agt[14].m_sqr             
------------------------------------------------------------------------------------------------

UVM_INFO ../sim_src/m_transation.sv(32) @ 2725: uvm_test_top.env.m_agt[15].m_sqr@@uvm_sequence [SEQ] This transation's src addr is uvm_test_top.env.m_agt[15].m_sqr.uvm_sequence
UVM_INFO ../sim_src/m_transation.sv(33) @ 2725: uvm_test_top.env.m_agt[15].m_sqr@@uvm_sequence [SEQ] This transation's src addr is 15
to check the this       46912785458544
to check the this          15
UVM_INFO ../sim_src/m_driver.sv(31) @ 2725: uvm_test_top.env.m_agt[15].m_drv [DRV] got one item 
 ------------------------------------------------------------------------------------------------
Name                           Type          Size  Value                                        
------------------------------------------------------------------------------------------------
req                            m_transation  -     @7197                                        
  src                          integral      4     'hf                                          
  dst                          integral      4     'hf                                          
  data                         integral      8     'h9a                                         
  begin_time                   time          64    2725                                         
  depth                        int           32    'd2                                          
  parent sequence (name)       string        12    uvm_sequence                                 
  parent sequence (full name)  string        45    uvm_test_top.env.m_agt[15].m_sqr.uvm_sequence
  sequencer                    string        32    uvm_test_top.env.m_agt[15].m_sqr             
------------------------------------------------------------------------------------------------

UVM_INFO ../sim_src/m_scoreboard.sv(33) @ 2755: uvm_test_top.env.m_scoreboard [[CMPPASS]] The channel [14] compare passed,the receive item is:
 --------------------------------------------
Name               Type          Size  Value
--------------------------------------------
uvm_sequence_item  m_transation  -     @6445
  src              integral      4     'h0  
  dst              integral      4     'he  
  data             integral      8     'h9a 
--------------------------------------------

 the send item is:
 ------------------------------------------------------------------------------------------------
Name                           Type          Size  Value                                        
------------------------------------------------------------------------------------------------
req                            m_transation  -     @7182                                        
  src                          integral      4     'he                                          
  dst                          integral      4     'he                                          
  data                         integral      8     'h9a                                         
  begin_time                   time          64    2545                                         
  end_time                     time          64    2725                                         
  depth                        int           32    'd2                                          
  parent sequence (name)       string        12    uvm_sequence                                 
  parent sequence (full name)  string        45    uvm_test_top.env.m_agt[14].m_sqr.uvm_sequence
  sequencer                    string        32    uvm_test_top.env.m_agt[14].m_sqr             
------------------------------------------------------------------------------------------------

UVM_INFO ../sim_src/m_monitor.sv(33) @ 2825: uvm_test_top.env.m_agt[15].m_mon [monitor] The channel %0d start receive data
UVM_INFO ../sim_src/m_driver.sv(38) @ 2905: uvm_test_top.env.m_agt[15].m_drv [DRV] send one item 
 ---------------------------------------
Name          Type          Size  Value
---------------------------------------
req           m_transation  -     @7202
  src         integral      4     'hf  
  dst         integral      4     'hf  
  data        integral      8     'hfe 
  begin_time  time          64    2725 
---------------------------------------

UVM_INFO ../sim_src/m_transation.sv(39) @ 2905: uvm_test_top.env.m_agt[15].m_sqr@@uvm_sequence [SEQ] generate one item 
 ------------------------------------------------------------------------------------------------
Name                           Type          Size  Value                                        
------------------------------------------------------------------------------------------------
req                            m_transation  -     @7197                                        
  src                          integral      4     'hf                                          
  dst                          integral      4     'hf                                          
  data                         integral      8     'h9a                                         
  begin_time                   time          64    2725                                         
  end_time                     time          64    2905                                         
  depth                        int           32    'd2                                          
  parent sequence (name)       string        12    uvm_sequence                                 
  parent sequence (full name)  string        45    uvm_test_top.env.m_agt[15].m_sqr.uvm_sequence
  sequencer                    string        32    uvm_test_top.env.m_agt[15].m_sqr             
------------------------------------------------------------------------------------------------

UVM_INFO ../sim_src/m_env.sv(53) @ 2905: uvm_test_top.env [ENV] @                2905 ns
UVM_INFO /usr/Synopsys/vcs/Q-2020.03-SP2-7/etc/uvm-1.1/base/uvm_objection.svh(1274) @ 2905: reporter [TEST_DONE] 'run' phase is ready to proceed to the 'extract' phase

--- UVM Report Summary ---

** Report counts by severity
UVM_INFO :  115
UVM_WARNING :    0
UVM_ERROR :    0
UVM_FATAL :    0
** Report counts by id
[DRV]    32
[ENV]     2
[RNTST]     1
[SEQ]    48
[TEST_DONE]     1
[[CMPPASS]]    15
[monitor]    16
$finish called from file "/usr/Synopsys/vcs/Q-2020.03-SP2-7/etc/uvm-1.1/base/uvm_root.svh", line 437.
$finish at simulation time                 2905
           V C S   S i m u l a t i o n   R e p o r t 
Time: 2905 ns
CPU Time:      0.420 seconds;       Data structure size:   1.2Mb
Sun Nov 24 03:56:49 2024
